[32m2024-02-05 14:35:10 +0100[0m - dagster - [34mDEBUG[0m - __ASSET_JOB - 3baa077e-80b2-4783-bb9d-0c123076b980 - 60177 - LOGS_CAPTURED - Started capturing logs in process (pid: 60177).
[32m2024-02-05 14:35:10 +0100[0m - dagster - [34mDEBUG[0m - __ASSET_JOB - 3baa077e-80b2-4783-bb9d-0c123076b980 - 60177 - chunk_blog_content - STEP_START - Started execution of step "chunk_blog_content".
[32m2024-02-05 14:35:10 +0100[0m - dagster - [34mDEBUG[0m - __ASSET_JOB - 3baa077e-80b2-4783-bb9d-0c123076b980 - chunk_blog_content - Loading file from: /Users/szymonzmyslony/projects/master-pipeline/pipeline/.dagster/storage/fetched_blog_content using PickledObjectFilesystemIOManager...
[32m2024-02-05 14:35:10 +0100[0m - dagster - [34mDEBUG[0m - __ASSET_JOB - 3baa077e-80b2-4783-bb9d-0c123076b980 - 60177 - chunk_blog_content - ASSET_OBSERVATION - DagsterEventType.ASSET_OBSERVATION for step chunk_blog_content
[32m2024-02-05 14:35:10 +0100[0m - dagster - [34mDEBUG[0m - __ASSET_JOB - 3baa077e-80b2-4783-bb9d-0c123076b980 - 60177 - chunk_blog_content - LOADED_INPUT - Loaded input "fetched_blog_content" using input manager "io_manager"
[32m2024-02-05 14:35:10 +0100[0m - dagster - [34mDEBUG[0m - __ASSET_JOB - 3baa077e-80b2-4783-bb9d-0c123076b980 - 60177 - chunk_blog_content - STEP_INPUT - Got input "fetched_blog_content" of type "Any". (Type check passed).
[32m2024-02-05 14:35:10 +0100[0m - dagster - [34mERROR[0m - [31m__ASSET_JOB - 3baa077e-80b2-4783-bb9d-0c123076b980 - 60177 - chunk_blog_content - STEP_FAILURE - Execution of step "chunk_blog_content" failed.

dagster._core.errors.DagsterExecutionStepExecutionError: Error occurred while executing op "chunk_blog_content"::

AttributeError: 'SemanticSection' object has no attribute '__pydantic_fields_set__'

Stack Trace:
  File "/Users/szymonzmyslony/Library/Caches/pypoetry/virtualenvs/pipeline-RtkjAAJa-py3.11/lib/python3.11/site-packages/dagster/_core/execution/plan/utils.py", line 54, in op_execution_error_boundary
    yield
  File "/Users/szymonzmyslony/Library/Caches/pypoetry/virtualenvs/pipeline-RtkjAAJa-py3.11/lib/python3.11/site-packages/dagster/_utils/__init__.py", line 467, in iterate_with_context
    next_output = next(iterator)
                  ^^^^^^^^^^^^^^
  File "/Users/szymonzmyslony/Library/Caches/pypoetry/virtualenvs/pipeline-RtkjAAJa-py3.11/lib/python3.11/site-packages/dagster/_core/execution/plan/compute_generator.py", line 131, in _coerce_op_compute_fn_to_iterator
    result = invoke_compute_fn(
             ^^^^^^^^^^^^^^^^^^
  File "/Users/szymonzmyslony/Library/Caches/pypoetry/virtualenvs/pipeline-RtkjAAJa-py3.11/lib/python3.11/site-packages/dagster/_core/execution/plan/compute_generator.py", line 125, in invoke_compute_fn
    return fn(context, **args_to_pass) if context_arg_provided else fn(**args_to_pass)
           ^^^^^^^^^^^^^^^^^^^^^^^^^^^
  File "/Users/szymonzmyslony/projects/master-pipeline/pipeline/pipeline/assets.py", line 137, in chunk_blog_content
    cleaned_documents = [
                        ^
  File "/Users/szymonzmyslony/projects/master-pipeline/pipeline/pipeline/assets.py", line 142, in <listcomp>
    for section in chunk_document_into_semantic_sections(blog["content"])
                   ^^^^^^^^^^^^^^^^^^^^^^^^^^^^^^^^^^^^^^^^^^^^^^^^^^^^^^
  File "/Users/szymonzmyslony/projects/master-pipeline/pipeline/chunker/clean_document.py", line 44, in chunk_document_into_semantic_sections
    sections = parse_md_to_semantic_sections(document)
               ^^^^^^^^^^^^^^^^^^^^^^^^^^^^^^^^^^^^^^^
  File "/Users/szymonzmyslony/projects/master-pipeline/pipeline/chunker/clean_document.py", line 16, in parse_md_to_semantic_sections
    section = SemanticSection(current_title, "\n".join(current_text))
              ^^^^^^^^^^^^^^^^^^^^^^^^^^^^^^^^^^^^^^^^^^^^^^^^^^^^^^^
  File "/Users/szymonzmyslony/projects/master-pipeline/pipeline/chunker/SemanticSection.py", line 16, in __init__
    self.title = title
    ^^^^^^^^^^
  File "/Users/szymonzmyslony/Library/Caches/pypoetry/virtualenvs/pipeline-RtkjAAJa-py3.11/lib/python3.11/site-packages/pydantic/main.py", line 810, in __setattr__
    self.__pydantic_fields_set__.add(name)
    ^^^^^^^^^^^^^^^^^^^^^^^^^^^^
  File "/Users/szymonzmyslony/Library/Caches/pypoetry/virtualenvs/pipeline-RtkjAAJa-py3.11/lib/python3.11/site-packages/pydantic/main.py", line 764, in __getattr__
    return super().__getattribute__(item)  # Raises AttributeError if appropriate
           ^^^^^^^^^^^^^^^^^^^^^^^^^^^^^^
[0m
