[32m2024-02-01 14:37:13 +0100[0m - dagster - [34mDEBUG[0m - __ASSET_JOB - 72abb86d-49bb-4ea5-bd69-e89a13a6a237 - 20417 - LOGS_CAPTURED - Started capturing logs in process (pid: 20417).
[32m2024-02-01 14:37:13 +0100[0m - dagster - [34mDEBUG[0m - __ASSET_JOB - 72abb86d-49bb-4ea5-bd69-e89a13a6a237 - 20417 - docs_for_embeddings - STEP_START - Started execution of step "docs_for_embeddings".
[32m2024-02-01 14:37:13 +0100[0m - dagster - [34mDEBUG[0m - __ASSET_JOB - 72abb86d-49bb-4ea5-bd69-e89a13a6a237 - docs_for_embeddings - Loading file from: /Users/szymonzmyslony/projects/master-pipeline/pipeline/.dagster/storage/combined_and_cleaned_docs using PickledObjectFilesystemIOManager...
[32m2024-02-01 14:37:13 +0100[0m - dagster - [34mDEBUG[0m - __ASSET_JOB - 72abb86d-49bb-4ea5-bd69-e89a13a6a237 - 20417 - docs_for_embeddings - ASSET_OBSERVATION - DagsterEventType.ASSET_OBSERVATION for step docs_for_embeddings
[32m2024-02-01 14:37:13 +0100[0m - dagster - [34mDEBUG[0m - __ASSET_JOB - 72abb86d-49bb-4ea5-bd69-e89a13a6a237 - 20417 - docs_for_embeddings - LOADED_INPUT - Loaded input "combined_and_cleaned_docs" using input manager "io_manager"
[32m2024-02-01 14:37:13 +0100[0m - dagster - [34mDEBUG[0m - __ASSET_JOB - 72abb86d-49bb-4ea5-bd69-e89a13a6a237 - docs_for_embeddings - Loading file from: /Users/szymonzmyslony/projects/master-pipeline/pipeline/.dagster/storage/combined_and_cleaned_video_docs using PickledObjectFilesystemIOManager...
[32m2024-02-01 14:37:13 +0100[0m - dagster - [34mDEBUG[0m - __ASSET_JOB - 72abb86d-49bb-4ea5-bd69-e89a13a6a237 - 20417 - docs_for_embeddings - ASSET_OBSERVATION - DagsterEventType.ASSET_OBSERVATION for step docs_for_embeddings
[32m2024-02-01 14:37:13 +0100[0m - dagster - [34mDEBUG[0m - __ASSET_JOB - 72abb86d-49bb-4ea5-bd69-e89a13a6a237 - 20417 - docs_for_embeddings - LOADED_INPUT - Loaded input "combined_and_cleaned_video_docs" using input manager "io_manager"
[32m2024-02-01 14:37:13 +0100[0m - dagster - [34mDEBUG[0m - __ASSET_JOB - 72abb86d-49bb-4ea5-bd69-e89a13a6a237 - 20417 - docs_for_embeddings - STEP_INPUT - Got input "combined_and_cleaned_docs" of type "Any". (Type check passed).
[32m2024-02-01 14:37:13 +0100[0m - dagster - [34mDEBUG[0m - __ASSET_JOB - 72abb86d-49bb-4ea5-bd69-e89a13a6a237 - 20417 - docs_for_embeddings - STEP_INPUT - Got input "combined_and_cleaned_video_docs" of type "Any". (Type check passed).
[32m2024-02-01 14:37:13 +0100[0m - dagster - [34mERROR[0m - [31m__ASSET_JOB - 72abb86d-49bb-4ea5-bd69-e89a13a6a237 - 20417 - docs_for_embeddings - STEP_FAILURE - Execution of step "docs_for_embeddings" failed.

dagster._core.errors.DagsterInvalidMetadata: Could not resolve the metadata value for "text_dic" to a known type. Its type was <class 'dict_keys'>. Consider wrapping the value with the appropriate MetadataValue type.

Stack Trace:
  File "/Users/szymonzmyslony/Library/Caches/pypoetry/virtualenvs/pipeline-RtkjAAJa-py3.11/lib/python3.11/site-packages/dagster/_core/execution/plan/execute_plan.py", line 286, in dagster_event_sequence_for_step
    for step_event in check.generator(step_events):
  File "/Users/szymonzmyslony/Library/Caches/pypoetry/virtualenvs/pipeline-RtkjAAJa-py3.11/lib/python3.11/site-packages/dagster/_core/execution/plan/execute_step.py", line 487, in core_dagster_event_sequence_for_step
    for user_event in _step_output_error_checked_user_event_sequence(
  File "/Users/szymonzmyslony/Library/Caches/pypoetry/virtualenvs/pipeline-RtkjAAJa-py3.11/lib/python3.11/site-packages/dagster/_core/execution/plan/execute_step.py", line 245, in _step_output_error_checked_user_event_sequence
    **normalize_metadata(metadata or {}),
      ^^^^^^^^^^^^^^^^^^^^^^^^^^^^^^^^^^
  File "/Users/szymonzmyslony/Library/Caches/pypoetry/virtualenvs/pipeline-RtkjAAJa-py3.11/lib/python3.11/site-packages/dagster/_core/definitions/metadata/__init__.py", line 98, in normalize_metadata
    raise DagsterInvalidMetadata(

The above exception occurred during handling of the following exception:
dagster._core.errors.DagsterInvalidMetadata: Its type was <class 'dict_keys'>. Consider wrapping the value with the appropriate MetadataValue type.

Stack Trace:
  File "/Users/szymonzmyslony/Library/Caches/pypoetry/virtualenvs/pipeline-RtkjAAJa-py3.11/lib/python3.11/site-packages/dagster/_core/definitions/metadata/__init__.py", line 84, in normalize_metadata
    normalized_value = normalize_metadata_value(v)
                       ^^^^^^^^^^^^^^^^^^^^^^^^^^^
  File "/Users/szymonzmyslony/Library/Caches/pypoetry/virtualenvs/pipeline-RtkjAAJa-py3.11/lib/python3.11/site-packages/dagster/_core/definitions/metadata/__init__.py", line 130, in normalize_metadata_value
    raise DagsterInvalidMetadata(
[0m
