[32m2024-02-04 20:59:07 +0100[0m - dagster - [34mDEBUG[0m - __ASSET_JOB - 00e023af-01dd-4060-a9ed-ff65e8a2b7d9 - 8620 - LOGS_CAPTURED - Started capturing logs in process (pid: 8620).
[32m2024-02-04 20:59:07 +0100[0m - dagster - [34mDEBUG[0m - __ASSET_JOB - 00e023af-01dd-4060-a9ed-ff65e8a2b7d9 - 8620 - combined_and_cleaned_video_docs - STEP_START - Started execution of step "combined_and_cleaned_video_docs".
[32m2024-02-04 20:59:07 +0100[0m - dagster - [34mDEBUG[0m - __ASSET_JOB - 00e023af-01dd-4060-a9ed-ff65e8a2b7d9 - combined_and_cleaned_video_docs - Loading file from: /Users/szymonzmyslony/projects/master-pipeline/pipeline/.dagster/storage/complete_video_content using PickledObjectFilesystemIOManager...
[32m2024-02-04 20:59:07 +0100[0m - dagster - [34mDEBUG[0m - __ASSET_JOB - 00e023af-01dd-4060-a9ed-ff65e8a2b7d9 - 8620 - combined_and_cleaned_video_docs - ASSET_OBSERVATION - DagsterEventType.ASSET_OBSERVATION for step combined_and_cleaned_video_docs
[32m2024-02-04 20:59:07 +0100[0m - dagster - [34mDEBUG[0m - __ASSET_JOB - 00e023af-01dd-4060-a9ed-ff65e8a2b7d9 - 8620 - combined_and_cleaned_video_docs - LOADED_INPUT - Loaded input "complete_video_content" using input manager "io_manager", from output "result" of step "complete_video_content"
[32m2024-02-04 20:59:07 +0100[0m - dagster - [34mDEBUG[0m - __ASSET_JOB - 00e023af-01dd-4060-a9ed-ff65e8a2b7d9 - 8620 - combined_and_cleaned_video_docs - STEP_INPUT - Got input "complete_video_content" of type "Any". (Type check passed).
[32m2024-02-04 20:59:07 +0100[0m - dagster - [34mINFO[0m - __ASSET_JOB - 00e023af-01dd-4060-a9ed-ff65e8a2b7d9 - combined_and_cleaned_video_docs - https://www.ycombinator.com/library/GV-should-you-start-a-startup
[32m2024-02-04 20:59:07 +0100[0m - dagster - [34mINFO[0m - __ASSET_JOB - 00e023af-01dd-4060-a9ed-ff65e8a2b7d9 - combined_and_cleaned_video_docs - double_newline_count: 26
[32m2024-02-04 20:59:07 +0100[0m - dagster - [34mINFO[0m - __ASSET_JOB - 00e023af-01dd-4060-a9ed-ff65e8a2b7d9 - combined_and_cleaned_video_docs - fetched_from_youtube: False
[32m2024-02-04 20:59:07 +0100[0m - dagster - [34mINFO[0m - __ASSET_JOB - 00e023af-01dd-4060-a9ed-ff65e8a2b7d9 - combined_and_cleaned_video_docs - Splitting on double lines
[32m2024-02-04 20:59:07 +0100[0m - dagster - [34mINFO[0m - __ASSET_JOB - 00e023af-01dd-4060-a9ed-ff65e8a2b7d9 - combined_and_cleaned_video_docs - super long 2307
[32m2024-02-04 20:59:07 +0100[0m - dagster - [34mINFO[0m - __ASSET_JOB - 00e023af-01dd-4060-a9ed-ff65e8a2b7d9 - combined_and_cleaned_video_docs - result length is 2307
[32m2024-02-04 20:59:07 +0100[0m - dagster - [34mINFO[0m - __ASSET_JOB - 00e023af-01dd-4060-a9ed-ff65e8a2b7d9 - combined_and_cleaned_video_docs - Returning 27 paragraphs
[32m2024-02-04 20:59:08 +0100[0m - dagster - [34mINFO[0m - __ASSET_JOB - 00e023af-01dd-4060-a9ed-ff65e8a2b7d9 - combined_and_cleaned_video_docs - Generated 5 chunks from 26 paragraphs.
[32m2024-02-04 20:59:08 +0100[0m - dagster - [34mINFO[0m - __ASSET_JOB - 00e023af-01dd-4060-a9ed-ff65e8a2b7d9 - combined_and_cleaned_video_docs - Document chunking complete with 5 chunks.
[32m2024-02-04 20:59:08 +0100[0m - dagster - [34mERROR[0m - [31m__ASSET_JOB - 00e023af-01dd-4060-a9ed-ff65e8a2b7d9 - 8620 - combined_and_cleaned_video_docs - STEP_FAILURE - Execution of step "combined_and_cleaned_video_docs" failed.

dagster._core.errors.DagsterExecutionStepExecutionError: Error occurred while executing op "combined_and_cleaned_video_docs"::

ValueError: too many values to unpack (expected 2)

Stack Trace:
  File "/Users/szymonzmyslony/Library/Caches/pypoetry/virtualenvs/pipeline-RtkjAAJa-py3.11/lib/python3.11/site-packages/dagster/_core/execution/plan/utils.py", line 54, in op_execution_error_boundary
    yield
  File "/Users/szymonzmyslony/Library/Caches/pypoetry/virtualenvs/pipeline-RtkjAAJa-py3.11/lib/python3.11/site-packages/dagster/_utils/__init__.py", line 467, in iterate_with_context
    next_output = next(iterator)
                  ^^^^^^^^^^^^^^
  File "/Users/szymonzmyslony/Library/Caches/pypoetry/virtualenvs/pipeline-RtkjAAJa-py3.11/lib/python3.11/site-packages/dagster/_core/execution/plan/compute_generator.py", line 131, in _coerce_op_compute_fn_to_iterator
    result = invoke_compute_fn(
             ^^^^^^^^^^^^^^^^^^
  File "/Users/szymonzmyslony/Library/Caches/pypoetry/virtualenvs/pipeline-RtkjAAJa-py3.11/lib/python3.11/site-packages/dagster/_core/execution/plan/compute_generator.py", line 125, in invoke_compute_fn
    return fn(context, **args_to_pass) if context_arg_provided else fn(**args_to_pass)
           ^^^^^^^^^^^^^^^^^^^^^^^^^^^
  File "/Users/szymonzmyslony/projects/master-pipeline/pipeline/pipeline/assets.py", line 282, in combined_and_cleaned_video_docs
    cleaned_documents = [
                        ^
  File "/Users/szymonzmyslony/projects/master-pipeline/pipeline/pipeline/assets.py", line 287, in <listcomp>
    chunk_document(video, video["fetching_transcript"])
  File "/Users/szymonzmyslony/projects/master-pipeline/pipeline/pipeline/assets.py", line 277, in chunk_document
    transript_chunks, _ = transcript_chunker.chunk_document()
    ^^^^^^^^^^^^^^^^^^^
[0m
