[32m2024-02-02 00:27:24 +0100[0m - dagster - [34mDEBUG[0m - __ASSET_JOB - 3306bad0-812f-4b94-9c8a-4879f7462469 - 76185 - LOGS_CAPTURED - Started capturing logs in process (pid: 76185).
[32m2024-02-02 00:27:24 +0100[0m - dagster - [34mDEBUG[0m - __ASSET_JOB - 3306bad0-812f-4b94-9c8a-4879f7462469 - 76185 - combined_and_cleaned_video_docs - STEP_START - Started execution of step "combined_and_cleaned_video_docs".
[32m2024-02-02 00:27:24 +0100[0m - dagster - [34mDEBUG[0m - __ASSET_JOB - 3306bad0-812f-4b94-9c8a-4879f7462469 - combined_and_cleaned_video_docs - Loading file from: /Users/szymonzmyslony/projects/master-pipeline/pipeline/.dagster/storage/complete_video_content using PickledObjectFilesystemIOManager...
[32m2024-02-02 00:27:24 +0100[0m - dagster - [34mDEBUG[0m - __ASSET_JOB - 3306bad0-812f-4b94-9c8a-4879f7462469 - 76185 - combined_and_cleaned_video_docs - ASSET_OBSERVATION - DagsterEventType.ASSET_OBSERVATION for step combined_and_cleaned_video_docs
[32m2024-02-02 00:27:24 +0100[0m - dagster - [34mDEBUG[0m - __ASSET_JOB - 3306bad0-812f-4b94-9c8a-4879f7462469 - 76185 - combined_and_cleaned_video_docs - LOADED_INPUT - Loaded input "complete_video_content" using input manager "io_manager"
[32m2024-02-02 00:27:24 +0100[0m - dagster - [34mDEBUG[0m - __ASSET_JOB - 3306bad0-812f-4b94-9c8a-4879f7462469 - 76185 - combined_and_cleaned_video_docs - STEP_INPUT - Got input "complete_video_content" of type "Any". (Type check passed).
[32m2024-02-02 00:27:24 +0100[0m - dagster - [34mINFO[0m - __ASSET_JOB - 3306bad0-812f-4b94-9c8a-4879f7462469 - combined_and_cleaned_video_docs - https://www.ycombinator.com/library/GV-should-you-start-a-startup
[32m2024-02-02 00:27:24 +0100[0m - dagster - [34mINFO[0m - __ASSET_JOB - 3306bad0-812f-4b94-9c8a-4879f7462469 - combined_and_cleaned_video_docs - double_newline_count: 26
[32m2024-02-02 00:27:24 +0100[0m - dagster - [34mINFO[0m - __ASSET_JOB - 3306bad0-812f-4b94-9c8a-4879f7462469 - combined_and_cleaned_video_docs - fetched_from_youtube: False
[32m2024-02-02 00:27:24 +0100[0m - dagster - [34mINFO[0m - __ASSET_JOB - 3306bad0-812f-4b94-9c8a-4879f7462469 - combined_and_cleaned_video_docs - Splitting on double lines
[32m2024-02-02 00:27:24 +0100[0m - dagster - [34mINFO[0m - __ASSET_JOB - 3306bad0-812f-4b94-9c8a-4879f7462469 - combined_and_cleaned_video_docs - returning 27paragraphs
[32m2024-02-02 00:27:25 +0100[0m - dagster - [34mINFO[0m - __ASSET_JOB - 3306bad0-812f-4b94-9c8a-4879f7462469 - combined_and_cleaned_video_docs - We have 26 paragraphs
[32m2024-02-02 00:27:25 +0100[0m - dagster - [34mINFO[0m - __ASSET_JOB - 3306bad0-812f-4b94-9c8a-4879f7462469 - combined_and_cleaned_video_docs - We have 5 chunks
[32m2024-02-02 00:27:25 +0100[0m - dagster - [34mINFO[0m - __ASSET_JOB - 3306bad0-812f-4b94-9c8a-4879f7462469 - combined_and_cleaned_video_docs - https://www.ycombinator.com/library/6q-how-to-pitch-your-startup
[32m2024-02-02 00:27:25 +0100[0m - dagster - [34mINFO[0m - __ASSET_JOB - 3306bad0-812f-4b94-9c8a-4879f7462469 - combined_and_cleaned_video_docs - double_newline_count: 90
[32m2024-02-02 00:27:25 +0100[0m - dagster - [34mINFO[0m - __ASSET_JOB - 3306bad0-812f-4b94-9c8a-4879f7462469 - combined_and_cleaned_video_docs - fetched_from_youtube: False
[32m2024-02-02 00:27:25 +0100[0m - dagster - [34mINFO[0m - __ASSET_JOB - 3306bad0-812f-4b94-9c8a-4879f7462469 - combined_and_cleaned_video_docs - Splitting on double lines
[32m2024-02-02 00:27:25 +0100[0m - dagster - [34mINFO[0m - __ASSET_JOB - 3306bad0-812f-4b94-9c8a-4879f7462469 - combined_and_cleaned_video_docs - returning 91paragraphs
[32m2024-02-02 00:27:28 +0100[0m - dagster - [34mINFO[0m - __ASSET_JOB - 3306bad0-812f-4b94-9c8a-4879f7462469 - combined_and_cleaned_video_docs - We have 90 paragraphs
[32m2024-02-02 00:27:28 +0100[0m - dagster - [34mINFO[0m - __ASSET_JOB - 3306bad0-812f-4b94-9c8a-4879f7462469 - combined_and_cleaned_video_docs - We have 3 chunks
[32m2024-02-02 00:27:29 +0100[0m - dagster - [34mINFO[0m - __ASSET_JOB - 3306bad0-812f-4b94-9c8a-4879f7462469 - combined_and_cleaned_video_docs - https://www.ycombinator.com/library/J0-inside-the-group-partner-lounge-when-to-launch-your-startup
[32m2024-02-02 00:27:29 +0100[0m - dagster - [34mINFO[0m - __ASSET_JOB - 3306bad0-812f-4b94-9c8a-4879f7462469 - combined_and_cleaned_video_docs - double_newline_count: 1
[32m2024-02-02 00:27:29 +0100[0m - dagster - [34mINFO[0m - __ASSET_JOB - 3306bad0-812f-4b94-9c8a-4879f7462469 - combined_and_cleaned_video_docs - fetched_from_youtube: True
[32m2024-02-02 00:27:29 +0100[0m - dagster - [34mINFO[0m - __ASSET_JOB - 3306bad0-812f-4b94-9c8a-4879f7462469 - combined_and_cleaned_video_docs - Spitting on puncatation
[32m2024-02-02 00:27:29 +0100[0m - dagster - [34mINFO[0m - __ASSET_JOB - 3306bad0-812f-4b94-9c8a-4879f7462469 - combined_and_cleaned_video_docs - Could not split on puncatation, splitted on single new line instead
[32m2024-02-02 00:27:29 +0100[0m - dagster - [34mINFO[0m - __ASSET_JOB - 3306bad0-812f-4b94-9c8a-4879f7462469 - combined_and_cleaned_video_docs - Len of para is 390
[32m2024-02-02 00:27:29 +0100[0m - dagster - [34mINFO[0m - __ASSET_JOB - 3306bad0-812f-4b94-9c8a-4879f7462469 - combined_and_cleaned_video_docs - returning 390paragraphs
[32m2024-02-02 00:27:37 +0100[0m - dagster - [34mINFO[0m - __ASSET_JOB - 3306bad0-812f-4b94-9c8a-4879f7462469 - combined_and_cleaned_video_docs - We have 388 paragraphs
[32m2024-02-02 00:27:37 +0100[0m - dagster - [34mINFO[0m - __ASSET_JOB - 3306bad0-812f-4b94-9c8a-4879f7462469 - combined_and_cleaned_video_docs - We have 5 chunks
[32m2024-02-02 00:27:37 +0100[0m - dagster - [34mINFO[0m - __ASSET_JOB - 3306bad0-812f-4b94-9c8a-4879f7462469 - combined_and_cleaned_video_docs - https://www.ycombinator.com/library/Jq-garry-s-channel-should-you-be-the-ceo
[32m2024-02-02 00:27:37 +0100[0m - dagster - [34mINFO[0m - __ASSET_JOB - 3306bad0-812f-4b94-9c8a-4879f7462469 - combined_and_cleaned_video_docs - double_newline_count: 0
[32m2024-02-02 00:27:37 +0100[0m - dagster - [34mINFO[0m - __ASSET_JOB - 3306bad0-812f-4b94-9c8a-4879f7462469 - combined_and_cleaned_video_docs - fetched_from_youtube: True
[32m2024-02-02 00:27:37 +0100[0m - dagster - [34mINFO[0m - __ASSET_JOB - 3306bad0-812f-4b94-9c8a-4879f7462469 - combined_and_cleaned_video_docs - Spitting on puncatation
[32m2024-02-02 00:27:37 +0100[0m - dagster - [34mINFO[0m - __ASSET_JOB - 3306bad0-812f-4b94-9c8a-4879f7462469 - combined_and_cleaned_video_docs - Len of para is 99
[32m2024-02-02 00:27:37 +0100[0m - dagster - [34mINFO[0m - __ASSET_JOB - 3306bad0-812f-4b94-9c8a-4879f7462469 - combined_and_cleaned_video_docs - returning 99paragraphs
[32m2024-02-02 00:27:39 +0100[0m - dagster - [34mINFO[0m - __ASSET_JOB - 3306bad0-812f-4b94-9c8a-4879f7462469 - combined_and_cleaned_video_docs - We have 99 paragraphs
[32m2024-02-02 00:27:39 +0100[0m - dagster - [34mINFO[0m - __ASSET_JOB - 3306bad0-812f-4b94-9c8a-4879f7462469 - combined_and_cleaned_video_docs - We have 3 chunks
[32m2024-02-02 00:27:39 +0100[0m - dagster - [34mINFO[0m - __ASSET_JOB - 3306bad0-812f-4b94-9c8a-4879f7462469 - combined_and_cleaned_video_docs - https://www.ycombinator.com/library/8h-how-to-find-the-right-co-founder
[32m2024-02-02 00:27:39 +0100[0m - dagster - [34mINFO[0m - __ASSET_JOB - 3306bad0-812f-4b94-9c8a-4879f7462469 - combined_and_cleaned_video_docs - double_newline_count: 32
[32m2024-02-02 00:27:39 +0100[0m - dagster - [34mINFO[0m - __ASSET_JOB - 3306bad0-812f-4b94-9c8a-4879f7462469 - combined_and_cleaned_video_docs - fetched_from_youtube: False
[32m2024-02-02 00:27:39 +0100[0m - dagster - [34mINFO[0m - __ASSET_JOB - 3306bad0-812f-4b94-9c8a-4879f7462469 - combined_and_cleaned_video_docs - Splitting on double lines
[32m2024-02-02 00:27:39 +0100[0m - dagster - [34mINFO[0m - __ASSET_JOB - 3306bad0-812f-4b94-9c8a-4879f7462469 - combined_and_cleaned_video_docs - returning 33paragraphs
[32m2024-02-02 00:27:41 +0100[0m - dagster - [34mINFO[0m - __ASSET_JOB - 3306bad0-812f-4b94-9c8a-4879f7462469 - combined_and_cleaned_video_docs - We have 32 paragraphs
[32m2024-02-02 00:27:41 +0100[0m - dagster - [34mINFO[0m - __ASSET_JOB - 3306bad0-812f-4b94-9c8a-4879f7462469 - combined_and_cleaned_video_docs - We have 5 chunks
[32m2024-02-02 00:27:41 +0100[0m - dagster - [34mINFO[0m - __ASSET_JOB - 3306bad0-812f-4b94-9c8a-4879f7462469 - combined_and_cleaned_video_docs - https://www.ycombinator.com/library/8H-analytics-for-startups
[32m2024-02-02 00:27:41 +0100[0m - dagster - [34mINFO[0m - __ASSET_JOB - 3306bad0-812f-4b94-9c8a-4879f7462469 - combined_and_cleaned_video_docs - double_newline_count: 1
[32m2024-02-02 00:27:41 +0100[0m - dagster - [34mINFO[0m - __ASSET_JOB - 3306bad0-812f-4b94-9c8a-4879f7462469 - combined_and_cleaned_video_docs - fetched_from_youtube: True
[32m2024-02-02 00:27:41 +0100[0m - dagster - [34mINFO[0m - __ASSET_JOB - 3306bad0-812f-4b94-9c8a-4879f7462469 - combined_and_cleaned_video_docs - Spitting on puncatation
[32m2024-02-02 00:27:42 +0100[0m - dagster - [34mINFO[0m - __ASSET_JOB - 3306bad0-812f-4b94-9c8a-4879f7462469 - combined_and_cleaned_video_docs - Could not split on puncatation, splitted on single new line instead
[32m2024-02-02 00:27:42 +0100[0m - dagster - [34mINFO[0m - __ASSET_JOB - 3306bad0-812f-4b94-9c8a-4879f7462469 - combined_and_cleaned_video_docs - Len of para is 602
[32m2024-02-02 00:27:42 +0100[0m - dagster - [34mINFO[0m - __ASSET_JOB - 3306bad0-812f-4b94-9c8a-4879f7462469 - combined_and_cleaned_video_docs - returning 602paragraphs
[32m2024-02-02 00:27:51 +0100[0m - dagster - [34mINFO[0m - __ASSET_JOB - 3306bad0-812f-4b94-9c8a-4879f7462469 - combined_and_cleaned_video_docs - We have 600 paragraphs
[32m2024-02-02 00:27:51 +0100[0m - dagster - [34mINFO[0m - __ASSET_JOB - 3306bad0-812f-4b94-9c8a-4879f7462469 - combined_and_cleaned_video_docs - We have 7 chunks
[32m2024-02-02 00:27:51 +0100[0m - dagster - [34mINFO[0m - __ASSET_JOB - 3306bad0-812f-4b94-9c8a-4879f7462469 - combined_and_cleaned_video_docs - https://www.ycombinator.com/library/DY-dalton-michael-yc-founders-made-these-fundraising-mistakes
[32m2024-02-02 00:27:51 +0100[0m - dagster - [34mINFO[0m - __ASSET_JOB - 3306bad0-812f-4b94-9c8a-4879f7462469 - combined_and_cleaned_video_docs - double_newline_count: 1
[32m2024-02-02 00:27:51 +0100[0m - dagster - [34mINFO[0m - __ASSET_JOB - 3306bad0-812f-4b94-9c8a-4879f7462469 - combined_and_cleaned_video_docs - fetched_from_youtube: True
[32m2024-02-02 00:27:51 +0100[0m - dagster - [34mINFO[0m - __ASSET_JOB - 3306bad0-812f-4b94-9c8a-4879f7462469 - combined_and_cleaned_video_docs - Spitting on puncatation
[32m2024-02-02 00:27:51 +0100[0m - dagster - [34mINFO[0m - __ASSET_JOB - 3306bad0-812f-4b94-9c8a-4879f7462469 - combined_and_cleaned_video_docs - Len of para is 2
[32m2024-02-02 00:27:51 +0100[0m - dagster - [34mINFO[0m - __ASSET_JOB - 3306bad0-812f-4b94-9c8a-4879f7462469 - combined_and_cleaned_video_docs - returning 2paragraphs
[32m2024-02-02 00:27:51 +0100[0m - dagster - [34mINFO[0m - __ASSET_JOB - 3306bad0-812f-4b94-9c8a-4879f7462469 - combined_and_cleaned_video_docs - We have 2 paragraphs
[32m2024-02-02 00:27:51 +0100[0m - dagster - [34mINFO[0m - __ASSET_JOB - 3306bad0-812f-4b94-9c8a-4879f7462469 - combined_and_cleaned_video_docs - We have 1 chunks
[32m2024-02-02 00:27:51 +0100[0m - dagster - [34mINFO[0m - __ASSET_JOB - 3306bad0-812f-4b94-9c8a-4879f7462469 - combined_and_cleaned_video_docs - https://www.ycombinator.com/library/AQ-how-to-pick-which-startup-to-work-at
[32m2024-02-02 00:27:51 +0100[0m - dagster - [34mINFO[0m - __ASSET_JOB - 3306bad0-812f-4b94-9c8a-4879f7462469 - combined_and_cleaned_video_docs - double_newline_count: 1
[32m2024-02-02 00:27:51 +0100[0m - dagster - [34mINFO[0m - __ASSET_JOB - 3306bad0-812f-4b94-9c8a-4879f7462469 - combined_and_cleaned_video_docs - fetched_from_youtube: True
[32m2024-02-02 00:27:51 +0100[0m - dagster - [34mINFO[0m - __ASSET_JOB - 3306bad0-812f-4b94-9c8a-4879f7462469 - combined_and_cleaned_video_docs - Spitting on puncatation
[32m2024-02-02 00:27:52 +0100[0m - dagster - [34mINFO[0m - __ASSET_JOB - 3306bad0-812f-4b94-9c8a-4879f7462469 - combined_and_cleaned_video_docs - Len of para is 13
[32m2024-02-02 00:27:52 +0100[0m - dagster - [34mINFO[0m - __ASSET_JOB - 3306bad0-812f-4b94-9c8a-4879f7462469 - combined_and_cleaned_video_docs - returning 13paragraphs
[32m2024-02-02 00:27:54 +0100[0m - dagster - [34mINFO[0m - __ASSET_JOB - 3306bad0-812f-4b94-9c8a-4879f7462469 - combined_and_cleaned_video_docs - We have 13 paragraphs
[32m2024-02-02 00:27:54 +0100[0m - dagster - [34mINFO[0m - __ASSET_JOB - 3306bad0-812f-4b94-9c8a-4879f7462469 - combined_and_cleaned_video_docs - We have 4 chunks
[32m2024-02-02 00:27:54 +0100[0m - dagster - [34mINFO[0m - __ASSET_JOB - 3306bad0-812f-4b94-9c8a-4879f7462469 - combined_and_cleaned_video_docs - https://www.ycombinator.com/library/KD-how-to-convert-more-visitors-into-customers
[32m2024-02-02 00:27:54 +0100[0m - dagster - [34mINFO[0m - __ASSET_JOB - 3306bad0-812f-4b94-9c8a-4879f7462469 - combined_and_cleaned_video_docs - double_newline_count: 1
[32m2024-02-02 00:27:54 +0100[0m - dagster - [34mINFO[0m - __ASSET_JOB - 3306bad0-812f-4b94-9c8a-4879f7462469 - combined_and_cleaned_video_docs - fetched_from_youtube: True
[32m2024-02-02 00:27:54 +0100[0m - dagster - [34mINFO[0m - __ASSET_JOB - 3306bad0-812f-4b94-9c8a-4879f7462469 - combined_and_cleaned_video_docs - Spitting on puncatation
[32m2024-02-02 00:27:54 +0100[0m - dagster - [34mINFO[0m - __ASSET_JOB - 3306bad0-812f-4b94-9c8a-4879f7462469 - combined_and_cleaned_video_docs - Could not split on puncatation, splitted on single new line instead
[32m2024-02-02 00:27:54 +0100[0m - dagster - [34mINFO[0m - __ASSET_JOB - 3306bad0-812f-4b94-9c8a-4879f7462469 - combined_and_cleaned_video_docs - Len of para is 637
[32m2024-02-02 00:27:54 +0100[0m - dagster - [34mINFO[0m - __ASSET_JOB - 3306bad0-812f-4b94-9c8a-4879f7462469 - combined_and_cleaned_video_docs - returning 637paragraphs
[32m2024-02-02 00:28:05 +0100[0m - dagster - [34mINFO[0m - __ASSET_JOB - 3306bad0-812f-4b94-9c8a-4879f7462469 - combined_and_cleaned_video_docs - We have 635 paragraphs
[32m2024-02-02 00:28:05 +0100[0m - dagster - [34mINFO[0m - __ASSET_JOB - 3306bad0-812f-4b94-9c8a-4879f7462469 - combined_and_cleaned_video_docs - We have 8 chunks
[32m2024-02-02 00:28:05 +0100[0m - dagster - [34mINFO[0m - __ASSET_JOB - 3306bad0-812f-4b94-9c8a-4879f7462469 - combined_and_cleaned_video_docs - https://www.ycombinator.com/library/61-order-of-operations-for-starting-a-startup
[32m2024-02-02 00:28:05 +0100[0m - dagster - [34mINFO[0m - __ASSET_JOB - 3306bad0-812f-4b94-9c8a-4879f7462469 - combined_and_cleaned_video_docs - double_newline_count: 1
[32m2024-02-02 00:28:05 +0100[0m - dagster - [34mINFO[0m - __ASSET_JOB - 3306bad0-812f-4b94-9c8a-4879f7462469 - combined_and_cleaned_video_docs - fetched_from_youtube: True
[32m2024-02-02 00:28:05 +0100[0m - dagster - [34mINFO[0m - __ASSET_JOB - 3306bad0-812f-4b94-9c8a-4879f7462469 - combined_and_cleaned_video_docs - Spitting on puncatation
[32m2024-02-02 00:28:07 +0100[0m - dagster - [34mINFO[0m - __ASSET_JOB - 3306bad0-812f-4b94-9c8a-4879f7462469 - combined_and_cleaned_video_docs - Could not split on puncatation, splitted on single new line instead
[32m2024-02-02 00:28:07 +0100[0m - dagster - [34mINFO[0m - __ASSET_JOB - 3306bad0-812f-4b94-9c8a-4879f7462469 - combined_and_cleaned_video_docs - Len of para is 399
[32m2024-02-02 00:28:07 +0100[0m - dagster - [34mINFO[0m - __ASSET_JOB - 3306bad0-812f-4b94-9c8a-4879f7462469 - combined_and_cleaned_video_docs - returning 399paragraphs
[32m2024-02-02 00:28:13 +0100[0m - dagster - [34mINFO[0m - __ASSET_JOB - 3306bad0-812f-4b94-9c8a-4879f7462469 - combined_and_cleaned_video_docs - We have 397 paragraphs
[32m2024-02-02 00:28:13 +0100[0m - dagster - [34mINFO[0m - __ASSET_JOB - 3306bad0-812f-4b94-9c8a-4879f7462469 - combined_and_cleaned_video_docs - We have 5 chunks
[32m2024-02-02 00:28:13 +0100[0m - dagster - [34mINFO[0m - __ASSET_JOB - 3306bad0-812f-4b94-9c8a-4879f7462469 - combined_and_cleaned_video_docs - https://www.ycombinator.com/library/5x-how-to-split-equity-among-co-founders
[32m2024-02-02 00:28:13 +0100[0m - dagster - [34mINFO[0m - __ASSET_JOB - 3306bad0-812f-4b94-9c8a-4879f7462469 - combined_and_cleaned_video_docs - double_newline_count: 1
[32m2024-02-02 00:28:13 +0100[0m - dagster - [34mINFO[0m - __ASSET_JOB - 3306bad0-812f-4b94-9c8a-4879f7462469 - combined_and_cleaned_video_docs - fetched_from_youtube: True
[32m2024-02-02 00:28:13 +0100[0m - dagster - [34mINFO[0m - __ASSET_JOB - 3306bad0-812f-4b94-9c8a-4879f7462469 - combined_and_cleaned_video_docs - Spitting on puncatation
[32m2024-02-02 00:28:13 +0100[0m - dagster - [34mINFO[0m - __ASSET_JOB - 3306bad0-812f-4b94-9c8a-4879f7462469 - combined_and_cleaned_video_docs - Could not split on puncatation, splitted on single new line instead
[32m2024-02-02 00:28:13 +0100[0m - dagster - [34mINFO[0m - __ASSET_JOB - 3306bad0-812f-4b94-9c8a-4879f7462469 - combined_and_cleaned_video_docs - Len of para is 106
[32m2024-02-02 00:28:13 +0100[0m - dagster - [34mINFO[0m - __ASSET_JOB - 3306bad0-812f-4b94-9c8a-4879f7462469 - combined_and_cleaned_video_docs - returning 106paragraphs
[32m2024-02-02 00:28:15 +0100[0m - dagster - [34mINFO[0m - __ASSET_JOB - 3306bad0-812f-4b94-9c8a-4879f7462469 - combined_and_cleaned_video_docs - We have 104 paragraphs
[32m2024-02-02 00:28:15 +0100[0m - dagster - [34mINFO[0m - __ASSET_JOB - 3306bad0-812f-4b94-9c8a-4879f7462469 - combined_and_cleaned_video_docs - We have 3 chunks
[32m2024-02-02 00:28:15 +0100[0m - dagster - [34mINFO[0m - __ASSET_JOB - 3306bad0-812f-4b94-9c8a-4879f7462469 - combined_and_cleaned_video_docs - https://www.ycombinator.com/library/DZ-dalton-michael-co-founder-mistakes-that-kill-companies-and-how-to-avoid-them
[32m2024-02-02 00:28:15 +0100[0m - dagster - [34mINFO[0m - __ASSET_JOB - 3306bad0-812f-4b94-9c8a-4879f7462469 - combined_and_cleaned_video_docs - double_newline_count: 1
[32m2024-02-02 00:28:15 +0100[0m - dagster - [34mINFO[0m - __ASSET_JOB - 3306bad0-812f-4b94-9c8a-4879f7462469 - combined_and_cleaned_video_docs - fetched_from_youtube: True
[32m2024-02-02 00:28:15 +0100[0m - dagster - [34mINFO[0m - __ASSET_JOB - 3306bad0-812f-4b94-9c8a-4879f7462469 - combined_and_cleaned_video_docs - Spitting on puncatation
[32m2024-02-02 00:28:15 +0100[0m - dagster - [34mINFO[0m - __ASSET_JOB - 3306bad0-812f-4b94-9c8a-4879f7462469 - combined_and_cleaned_video_docs - Could not split on puncatation, splitted on single new line instead
[32m2024-02-02 00:28:15 +0100[0m - dagster - [34mINFO[0m - __ASSET_JOB - 3306bad0-812f-4b94-9c8a-4879f7462469 - combined_and_cleaned_video_docs - Len of para is 269
[32m2024-02-02 00:28:15 +0100[0m - dagster - [34mINFO[0m - __ASSET_JOB - 3306bad0-812f-4b94-9c8a-4879f7462469 - combined_and_cleaned_video_docs - returning 269paragraphs
[32m2024-02-02 00:28:19 +0100[0m - dagster - [34mINFO[0m - __ASSET_JOB - 3306bad0-812f-4b94-9c8a-4879f7462469 - combined_and_cleaned_video_docs - We have 267 paragraphs
[32m2024-02-02 00:28:19 +0100[0m - dagster - [34mINFO[0m - __ASSET_JOB - 3306bad0-812f-4b94-9c8a-4879f7462469 - combined_and_cleaned_video_docs - We have 4 chunks
[32m2024-02-02 00:28:19 +0100[0m - dagster - [34mINFO[0m - __ASSET_JOB - 3306bad0-812f-4b94-9c8a-4879f7462469 - combined_and_cleaned_video_docs - https://www.ycombinator.com/library/8G-advice-for-hard-tech-and-biotech-founders
[32m2024-02-02 00:28:19 +0100[0m - dagster - [34mINFO[0m - __ASSET_JOB - 3306bad0-812f-4b94-9c8a-4879f7462469 - combined_and_cleaned_video_docs - double_newline_count: 1
[32m2024-02-02 00:28:19 +0100[0m - dagster - [34mINFO[0m - __ASSET_JOB - 3306bad0-812f-4b94-9c8a-4879f7462469 - combined_and_cleaned_video_docs - fetched_from_youtube: True
[32m2024-02-02 00:28:19 +0100[0m - dagster - [34mINFO[0m - __ASSET_JOB - 3306bad0-812f-4b94-9c8a-4879f7462469 - combined_and_cleaned_video_docs - Spitting on puncatation
[32m2024-02-02 00:28:21 +0100[0m - dagster - [34mINFO[0m - __ASSET_JOB - 3306bad0-812f-4b94-9c8a-4879f7462469 - combined_and_cleaned_video_docs - Could not split on puncatation, splitted on single new line instead
[32m2024-02-02 00:28:21 +0100[0m - dagster - [34mINFO[0m - __ASSET_JOB - 3306bad0-812f-4b94-9c8a-4879f7462469 - combined_and_cleaned_video_docs - Len of para is 592
[32m2024-02-02 00:28:21 +0100[0m - dagster - [34mINFO[0m - __ASSET_JOB - 3306bad0-812f-4b94-9c8a-4879f7462469 - combined_and_cleaned_video_docs - returning 592paragraphs
[32m2024-02-02 00:28:33 +0100[0m - dagster - [34mINFO[0m - __ASSET_JOB - 3306bad0-812f-4b94-9c8a-4879f7462469 - combined_and_cleaned_video_docs - We have 590 paragraphs
[32m2024-02-02 00:28:33 +0100[0m - dagster - [34mINFO[0m - __ASSET_JOB - 3306bad0-812f-4b94-9c8a-4879f7462469 - combined_and_cleaned_video_docs - We have 7 chunks
[32m2024-02-02 00:28:33 +0100[0m - dagster - [34mINFO[0m - __ASSET_JOB - 3306bad0-812f-4b94-9c8a-4879f7462469 - combined_and_cleaned_video_docs - https://www.ycombinator.com/library/77-how-to-invent-the-future-part-1
[32m2024-02-02 00:28:33 +0100[0m - dagster - [34mINFO[0m - __ASSET_JOB - 3306bad0-812f-4b94-9c8a-4879f7462469 - combined_and_cleaned_video_docs - double_newline_count: 4
[32m2024-02-02 00:28:33 +0100[0m - dagster - [34mINFO[0m - __ASSET_JOB - 3306bad0-812f-4b94-9c8a-4879f7462469 - combined_and_cleaned_video_docs - fetched_from_youtube: True
[32m2024-02-02 00:28:33 +0100[0m - dagster - [34mINFO[0m - __ASSET_JOB - 3306bad0-812f-4b94-9c8a-4879f7462469 - combined_and_cleaned_video_docs - Splitting on double lines
[32m2024-02-02 00:28:33 +0100[0m - dagster - [34mINFO[0m - __ASSET_JOB - 3306bad0-812f-4b94-9c8a-4879f7462469 - combined_and_cleaned_video_docs - returning 5paragraphs
[32m2024-02-02 00:28:33 +0100[0m - dagster - [34mINFO[0m - __ASSET_JOB - 3306bad0-812f-4b94-9c8a-4879f7462469 - combined_and_cleaned_video_docs - Single paragraph exceeds token limit at index 1
[32m2024-02-02 00:28:33 +0100[0m - dagster - [34mERROR[0m - [31m__ASSET_JOB - 3306bad0-812f-4b94-9c8a-4879f7462469 - 76185 - combined_and_cleaned_video_docs - STEP_FAILURE - Execution of step "combined_and_cleaned_video_docs" failed.

dagster._core.errors.DagsterExecutionStepExecutionError: Error occurred while executing op "combined_and_cleaned_video_docs"::

IndexError: index -1 is out of bounds for axis 0 with size 0

Stack Trace:
  File "/Users/szymonzmyslony/Library/Caches/pypoetry/virtualenvs/pipeline-RtkjAAJa-py3.11/lib/python3.11/site-packages/dagster/_core/execution/plan/utils.py", line 54, in op_execution_error_boundary
    yield
  File "/Users/szymonzmyslony/Library/Caches/pypoetry/virtualenvs/pipeline-RtkjAAJa-py3.11/lib/python3.11/site-packages/dagster/_utils/__init__.py", line 467, in iterate_with_context
    next_output = next(iterator)
                  ^^^^^^^^^^^^^^
  File "/Users/szymonzmyslony/Library/Caches/pypoetry/virtualenvs/pipeline-RtkjAAJa-py3.11/lib/python3.11/site-packages/dagster/_core/execution/plan/compute_generator.py", line 131, in _coerce_op_compute_fn_to_iterator
    result = invoke_compute_fn(
             ^^^^^^^^^^^^^^^^^^
  File "/Users/szymonzmyslony/Library/Caches/pypoetry/virtualenvs/pipeline-RtkjAAJa-py3.11/lib/python3.11/site-packages/dagster/_core/execution/plan/compute_generator.py", line 125, in invoke_compute_fn
    return fn(context, **args_to_pass) if context_arg_provided else fn(**args_to_pass)
           ^^^^^^^^^^^^^^^^^^^^^^^^^^^
  File "/Users/szymonzmyslony/projects/master-pipeline/pipeline/pipeline/assets.py", line 281, in combined_and_cleaned_video_docs
    cleaned_documents = [
                        ^
  File "/Users/szymonzmyslony/projects/master-pipeline/pipeline/pipeline/assets.py", line 286, in <listcomp>
    chunk_document(video, video["fetching_transcript"])
  File "/Users/szymonzmyslony/projects/master-pipeline/pipeline/pipeline/assets.py", line 276, in chunk_document
    transript_chunks, _ = transcript_chunker.chunk_document()
                          ^^^^^^^^^^^^^^^^^^^^^^^^^^^^^^^^^^^
  File "/Users/szymonzmyslony/projects/master-pipeline/pipeline/chunker/DocumentChunker.py", line 143, in chunk_document
    self.calculate_distances_and_chunk()
  File "/Users/szymonzmyslony/projects/master-pipeline/pipeline/chunker/DocumentChunker.py", line 119, in calculate_distances_and_chunk
    indices_above_thresh = get_indices_above_threshold(
                           ^^^^^^^^^^^^^^^^^^^^^^^^^^^^
  File "/Users/szymonzmyslony/projects/master-pipeline/pipeline/chunker/embeddings.py", line 21, in get_indices_above_threshold
    breakpoint_distance_threshold = np.percentile(
                                    ^^^^^^^^^^^^^^
  File "/Users/szymonzmyslony/Library/Caches/pypoetry/virtualenvs/pipeline-RtkjAAJa-py3.11/lib/python3.11/site-packages/numpy/lib/function_base.py", line 4283, in percentile
    return _quantile_unchecked(
           ^^^^^^^^^^^^^^^^^^^^
  File "/Users/szymonzmyslony/Library/Caches/pypoetry/virtualenvs/pipeline-RtkjAAJa-py3.11/lib/python3.11/site-packages/numpy/lib/function_base.py", line 4555, in _quantile_unchecked
    return _ureduce(a,
           ^^^^^^^^^^^
  File "/Users/szymonzmyslony/Library/Caches/pypoetry/virtualenvs/pipeline-RtkjAAJa-py3.11/lib/python3.11/site-packages/numpy/lib/function_base.py", line 3823, in _ureduce
    r = func(a, **kwargs)
        ^^^^^^^^^^^^^^^^^
  File "/Users/szymonzmyslony/Library/Caches/pypoetry/virtualenvs/pipeline-RtkjAAJa-py3.11/lib/python3.11/site-packages/numpy/lib/function_base.py", line 4721, in _quantile_ureduce_func
    result = _quantile(arr,
             ^^^^^^^^^^^^^^
  File "/Users/szymonzmyslony/Library/Caches/pypoetry/virtualenvs/pipeline-RtkjAAJa-py3.11/lib/python3.11/site-packages/numpy/lib/function_base.py", line 4830, in _quantile
    slices_having_nans = np.isnan(arr[-1, ...])
                                  ~~~^^^^^^^^^
[0m
