[32m2024-02-01 17:56:19 +0100[0m - dagster - [34mDEBUG[0m - __ASSET_JOB - 4cee3a9c-ed52-499d-92df-a3b6385d0e01 - 42081 - LOGS_CAPTURED - Started capturing logs in process (pid: 42081).
[32m2024-02-01 17:56:19 +0100[0m - dagster - [34mDEBUG[0m - __ASSET_JOB - 4cee3a9c-ed52-499d-92df-a3b6385d0e01 - 42081 - combined_and_cleaned_video_docs - STEP_START - Started execution of step "combined_and_cleaned_video_docs".
[32m2024-02-01 17:56:19 +0100[0m - dagster - [34mDEBUG[0m - __ASSET_JOB - 4cee3a9c-ed52-499d-92df-a3b6385d0e01 - combined_and_cleaned_video_docs - Loading file from: /Users/szymonzmyslony/projects/master-pipeline/pipeline/.dagster/storage/complete_video_content using PickledObjectFilesystemIOManager...
[32m2024-02-01 17:56:19 +0100[0m - dagster - [34mDEBUG[0m - __ASSET_JOB - 4cee3a9c-ed52-499d-92df-a3b6385d0e01 - 42081 - combined_and_cleaned_video_docs - ASSET_OBSERVATION - DagsterEventType.ASSET_OBSERVATION for step combined_and_cleaned_video_docs
[32m2024-02-01 17:56:19 +0100[0m - dagster - [34mDEBUG[0m - __ASSET_JOB - 4cee3a9c-ed52-499d-92df-a3b6385d0e01 - 42081 - combined_and_cleaned_video_docs - LOADED_INPUT - Loaded input "complete_video_content" using input manager "io_manager"
[32m2024-02-01 17:56:19 +0100[0m - dagster - [34mDEBUG[0m - __ASSET_JOB - 4cee3a9c-ed52-499d-92df-a3b6385d0e01 - 42081 - combined_and_cleaned_video_docs - STEP_INPUT - Got input "complete_video_content" of type "Any". (Type check passed).
[32m2024-02-01 17:56:19 +0100[0m - dagster - [34mINFO[0m - __ASSET_JOB - 4cee3a9c-ed52-499d-92df-a3b6385d0e01 - combined_and_cleaned_video_docs - https://www.ycombinator.com/library/GV-should-you-start-a-startup
[32m2024-02-01 17:56:19 +0100[0m - dagster - [34mINFO[0m - __ASSET_JOB - 4cee3a9c-ed52-499d-92df-a3b6385d0e01 - combined_and_cleaned_video_docs - Spitting on double
[32m2024-02-01 17:56:19 +0100[0m - dagster - [34mINFO[0m - __ASSET_JOB - 4cee3a9c-ed52-499d-92df-a3b6385d0e01 - combined_and_cleaned_video_docs - Paargraphs, 26
[32m2024-02-01 17:56:19 +0100[0m - dagster - [34mINFO[0m - __ASSET_JOB - 4cee3a9c-ed52-499d-92df-a3b6385d0e01 - combined_and_cleaned_video_docs - We have 1 batches
[32m2024-02-01 17:56:20 +0100[0m - dagster - [34mINFO[0m - __ASSET_JOB - 4cee3a9c-ed52-499d-92df-a3b6385d0e01 - combined_and_cleaned_video_docs - https://www.ycombinator.com/library/6q-how-to-pitch-your-startup
[32m2024-02-01 17:56:20 +0100[0m - dagster - [34mINFO[0m - __ASSET_JOB - 4cee3a9c-ed52-499d-92df-a3b6385d0e01 - combined_and_cleaned_video_docs - Spitting on double
[32m2024-02-01 17:56:20 +0100[0m - dagster - [34mINFO[0m - __ASSET_JOB - 4cee3a9c-ed52-499d-92df-a3b6385d0e01 - combined_and_cleaned_video_docs - Paargraphs, 90
[32m2024-02-01 17:56:20 +0100[0m - dagster - [34mINFO[0m - __ASSET_JOB - 4cee3a9c-ed52-499d-92df-a3b6385d0e01 - combined_and_cleaned_video_docs - We have 3 batches
[32m2024-02-01 17:56:23 +0100[0m - dagster - [34mINFO[0m - __ASSET_JOB - 4cee3a9c-ed52-499d-92df-a3b6385d0e01 - combined_and_cleaned_video_docs - https://www.ycombinator.com/library/J0-inside-the-group-partner-lounge-when-to-launch-your-startup
[32m2024-02-01 17:56:23 +0100[0m - dagster - [34mINFO[0m - __ASSET_JOB - 4cee3a9c-ed52-499d-92df-a3b6385d0e01 - combined_and_cleaned_video_docs - Spitting on single
[32m2024-02-01 17:56:23 +0100[0m - dagster - [34mINFO[0m - __ASSET_JOB - 4cee3a9c-ed52-499d-92df-a3b6385d0e01 - combined_and_cleaned_video_docs - Paargraphs, 388
[32m2024-02-01 17:56:23 +0100[0m - dagster - [34mINFO[0m - __ASSET_JOB - 4cee3a9c-ed52-499d-92df-a3b6385d0e01 - combined_and_cleaned_video_docs - We have 6 batches
[32m2024-02-01 17:56:31 +0100[0m - dagster - [34mINFO[0m - __ASSET_JOB - 4cee3a9c-ed52-499d-92df-a3b6385d0e01 - combined_and_cleaned_video_docs - https://www.ycombinator.com/library/Jq-garry-s-channel-should-you-be-the-ceo
[32m2024-02-01 17:56:31 +0100[0m - dagster - [34mINFO[0m - __ASSET_JOB - 4cee3a9c-ed52-499d-92df-a3b6385d0e01 - combined_and_cleaned_video_docs - Spitting on single
[32m2024-02-01 17:56:31 +0100[0m - dagster - [34mINFO[0m - __ASSET_JOB - 4cee3a9c-ed52-499d-92df-a3b6385d0e01 - combined_and_cleaned_video_docs - Paargraphs, 230
[32m2024-02-01 17:56:31 +0100[0m - dagster - [34mINFO[0m - __ASSET_JOB - 4cee3a9c-ed52-499d-92df-a3b6385d0e01 - combined_and_cleaned_video_docs - We have 4 batches
[32m2024-02-01 17:56:34 +0100[0m - dagster - [34mINFO[0m - __ASSET_JOB - 4cee3a9c-ed52-499d-92df-a3b6385d0e01 - combined_and_cleaned_video_docs - https://www.ycombinator.com/library/8h-how-to-find-the-right-co-founder
[32m2024-02-01 17:56:34 +0100[0m - dagster - [34mINFO[0m - __ASSET_JOB - 4cee3a9c-ed52-499d-92df-a3b6385d0e01 - combined_and_cleaned_video_docs - Spitting on double
[32m2024-02-01 17:56:34 +0100[0m - dagster - [34mINFO[0m - __ASSET_JOB - 4cee3a9c-ed52-499d-92df-a3b6385d0e01 - combined_and_cleaned_video_docs - Paargraphs, 32
[32m2024-02-01 17:56:34 +0100[0m - dagster - [34mINFO[0m - __ASSET_JOB - 4cee3a9c-ed52-499d-92df-a3b6385d0e01 - combined_and_cleaned_video_docs - We have 2 batches
[32m2024-02-01 17:56:35 +0100[0m - dagster - [34mINFO[0m - __ASSET_JOB - 4cee3a9c-ed52-499d-92df-a3b6385d0e01 - combined_and_cleaned_video_docs - https://www.ycombinator.com/library/8H-analytics-for-startups
[32m2024-02-01 17:56:35 +0100[0m - dagster - [34mINFO[0m - __ASSET_JOB - 4cee3a9c-ed52-499d-92df-a3b6385d0e01 - combined_and_cleaned_video_docs - Spitting on single
[32m2024-02-01 17:56:35 +0100[0m - dagster - [34mINFO[0m - __ASSET_JOB - 4cee3a9c-ed52-499d-92df-a3b6385d0e01 - combined_and_cleaned_video_docs - Paargraphs, 600
[32m2024-02-01 17:56:35 +0100[0m - dagster - [34mINFO[0m - __ASSET_JOB - 4cee3a9c-ed52-499d-92df-a3b6385d0e01 - combined_and_cleaned_video_docs - We have 7 batches
[32m2024-02-01 17:56:43 +0100[0m - dagster - [34mINFO[0m - __ASSET_JOB - 4cee3a9c-ed52-499d-92df-a3b6385d0e01 - combined_and_cleaned_video_docs - https://www.ycombinator.com/library/DY-dalton-michael-yc-founders-made-these-fundraising-mistakes
[32m2024-02-01 17:56:43 +0100[0m - dagster - [34mINFO[0m - __ASSET_JOB - 4cee3a9c-ed52-499d-92df-a3b6385d0e01 - combined_and_cleaned_video_docs - Spitting on single
[32m2024-02-01 17:56:43 +0100[0m - dagster - [34mINFO[0m - __ASSET_JOB - 4cee3a9c-ed52-499d-92df-a3b6385d0e01 - combined_and_cleaned_video_docs - Paargraphs, 223
[32m2024-02-01 17:56:43 +0100[0m - dagster - [34mINFO[0m - __ASSET_JOB - 4cee3a9c-ed52-499d-92df-a3b6385d0e01 - combined_and_cleaned_video_docs - We have 3 batches
[32m2024-02-01 17:56:49 +0100[0m - dagster - [34mINFO[0m - __ASSET_JOB - 4cee3a9c-ed52-499d-92df-a3b6385d0e01 - combined_and_cleaned_video_docs - https://www.ycombinator.com/library/AQ-how-to-pick-which-startup-to-work-at
[32m2024-02-01 17:56:49 +0100[0m - dagster - [34mINFO[0m - __ASSET_JOB - 4cee3a9c-ed52-499d-92df-a3b6385d0e01 - combined_and_cleaned_video_docs - Spitting on single
[32m2024-02-01 17:56:49 +0100[0m - dagster - [34mINFO[0m - __ASSET_JOB - 4cee3a9c-ed52-499d-92df-a3b6385d0e01 - combined_and_cleaned_video_docs - Paargraphs, 2714
[32m2024-02-01 17:56:49 +0100[0m - dagster - [34mINFO[0m - __ASSET_JOB - 4cee3a9c-ed52-499d-92df-a3b6385d0e01 - combined_and_cleaned_video_docs - We have 37 batches
[32m2024-02-01 17:57:30 +0100[0m - dagster - [34mINFO[0m - __ASSET_JOB - 4cee3a9c-ed52-499d-92df-a3b6385d0e01 - combined_and_cleaned_video_docs - https://www.ycombinator.com/library/KD-how-to-convert-more-visitors-into-customers
[32m2024-02-01 17:57:30 +0100[0m - dagster - [34mINFO[0m - __ASSET_JOB - 4cee3a9c-ed52-499d-92df-a3b6385d0e01 - combined_and_cleaned_video_docs - Spitting on single
[32m2024-02-01 17:57:30 +0100[0m - dagster - [34mINFO[0m - __ASSET_JOB - 4cee3a9c-ed52-499d-92df-a3b6385d0e01 - combined_and_cleaned_video_docs - Paargraphs, 635
[32m2024-02-01 17:57:30 +0100[0m - dagster - [34mINFO[0m - __ASSET_JOB - 4cee3a9c-ed52-499d-92df-a3b6385d0e01 - combined_and_cleaned_video_docs - We have 11 batches
[32m2024-02-01 17:57:44 +0100[0m - dagster - [34mINFO[0m - __ASSET_JOB - 4cee3a9c-ed52-499d-92df-a3b6385d0e01 - combined_and_cleaned_video_docs - https://www.ycombinator.com/library/61-order-of-operations-for-starting-a-startup
[32m2024-02-01 17:57:44 +0100[0m - dagster - [34mINFO[0m - __ASSET_JOB - 4cee3a9c-ed52-499d-92df-a3b6385d0e01 - combined_and_cleaned_video_docs - Spitting on single
[32m2024-02-01 17:57:44 +0100[0m - dagster - [34mINFO[0m - __ASSET_JOB - 4cee3a9c-ed52-499d-92df-a3b6385d0e01 - combined_and_cleaned_video_docs - Paargraphs, 397
[32m2024-02-01 17:57:44 +0100[0m - dagster - [34mINFO[0m - __ASSET_JOB - 4cee3a9c-ed52-499d-92df-a3b6385d0e01 - combined_and_cleaned_video_docs - We have 5 batches
[32m2024-02-01 17:57:49 +0100[0m - dagster - [34mINFO[0m - __ASSET_JOB - 4cee3a9c-ed52-499d-92df-a3b6385d0e01 - combined_and_cleaned_video_docs - https://www.ycombinator.com/library/5x-how-to-split-equity-among-co-founders
[32m2024-02-01 17:57:49 +0100[0m - dagster - [34mINFO[0m - __ASSET_JOB - 4cee3a9c-ed52-499d-92df-a3b6385d0e01 - combined_and_cleaned_video_docs - Spitting on single
[32m2024-02-01 17:57:49 +0100[0m - dagster - [34mINFO[0m - __ASSET_JOB - 4cee3a9c-ed52-499d-92df-a3b6385d0e01 - combined_and_cleaned_video_docs - Paargraphs, 104
[32m2024-02-01 17:57:49 +0100[0m - dagster - [34mINFO[0m - __ASSET_JOB - 4cee3a9c-ed52-499d-92df-a3b6385d0e01 - combined_and_cleaned_video_docs - We have 2 batches
[32m2024-02-01 17:57:51 +0100[0m - dagster - [34mINFO[0m - __ASSET_JOB - 4cee3a9c-ed52-499d-92df-a3b6385d0e01 - combined_and_cleaned_video_docs - https://www.ycombinator.com/library/DZ-dalton-michael-co-founder-mistakes-that-kill-companies-and-how-to-avoid-them
[32m2024-02-01 17:57:51 +0100[0m - dagster - [34mINFO[0m - __ASSET_JOB - 4cee3a9c-ed52-499d-92df-a3b6385d0e01 - combined_and_cleaned_video_docs - Spitting on single
[32m2024-02-01 17:57:51 +0100[0m - dagster - [34mINFO[0m - __ASSET_JOB - 4cee3a9c-ed52-499d-92df-a3b6385d0e01 - combined_and_cleaned_video_docs - Paargraphs, 267
[32m2024-02-01 17:57:51 +0100[0m - dagster - [34mINFO[0m - __ASSET_JOB - 4cee3a9c-ed52-499d-92df-a3b6385d0e01 - combined_and_cleaned_video_docs - We have 4 batches
[32m2024-02-01 17:57:56 +0100[0m - dagster - [34mINFO[0m - __ASSET_JOB - 4cee3a9c-ed52-499d-92df-a3b6385d0e01 - combined_and_cleaned_video_docs - https://www.ycombinator.com/library/8G-advice-for-hard-tech-and-biotech-founders
[32m2024-02-01 17:57:56 +0100[0m - dagster - [34mINFO[0m - __ASSET_JOB - 4cee3a9c-ed52-499d-92df-a3b6385d0e01 - combined_and_cleaned_video_docs - Spitting on single
[32m2024-02-01 17:57:56 +0100[0m - dagster - [34mINFO[0m - __ASSET_JOB - 4cee3a9c-ed52-499d-92df-a3b6385d0e01 - combined_and_cleaned_video_docs - Paargraphs, 590
[32m2024-02-01 17:57:56 +0100[0m - dagster - [34mINFO[0m - __ASSET_JOB - 4cee3a9c-ed52-499d-92df-a3b6385d0e01 - combined_and_cleaned_video_docs - We have 12 batches
[32m2024-02-01 17:58:12 +0100[0m - dagster - [34mINFO[0m - __ASSET_JOB - 4cee3a9c-ed52-499d-92df-a3b6385d0e01 - combined_and_cleaned_video_docs - https://www.ycombinator.com/library/77-how-to-invent-the-future-part-1
[32m2024-02-01 17:58:12 +0100[0m - dagster - [34mINFO[0m - __ASSET_JOB - 4cee3a9c-ed52-499d-92df-a3b6385d0e01 - combined_and_cleaned_video_docs - Spitting on double
[32m2024-02-01 17:58:12 +0100[0m - dagster - [34mINFO[0m - __ASSET_JOB - 4cee3a9c-ed52-499d-92df-a3b6385d0e01 - combined_and_cleaned_video_docs - Paargraphs, 2
[32m2024-02-01 17:58:12 +0100[0m - dagster - [34mINFO[0m - __ASSET_JOB - 4cee3a9c-ed52-499d-92df-a3b6385d0e01 - combined_and_cleaned_video_docs - Single paragraph exceeds token limit at index 1
[32m2024-02-01 17:58:12 +0100[0m - dagster - [34mINFO[0m - __ASSET_JOB - 4cee3a9c-ed52-499d-92df-a3b6385d0e01 - combined_and_cleaned_video_docs - We have 1 batches
[32m2024-02-01 17:58:12 +0100[0m - dagster - [34mERROR[0m - [31m__ASSET_JOB - 4cee3a9c-ed52-499d-92df-a3b6385d0e01 - 42081 - combined_and_cleaned_video_docs - STEP_FAILURE - Execution of step "combined_and_cleaned_video_docs" failed.

dagster._core.errors.DagsterExecutionStepExecutionError: Error occurred while executing op "combined_and_cleaned_video_docs"::

IndexError: index -1 is out of bounds for axis 0 with size 0

Stack Trace:
  File "/Users/szymonzmyslony/Library/Caches/pypoetry/virtualenvs/pipeline-RtkjAAJa-py3.11/lib/python3.11/site-packages/dagster/_core/execution/plan/utils.py", line 54, in op_execution_error_boundary
    yield
  File "/Users/szymonzmyslony/Library/Caches/pypoetry/virtualenvs/pipeline-RtkjAAJa-py3.11/lib/python3.11/site-packages/dagster/_utils/__init__.py", line 467, in iterate_with_context
    next_output = next(iterator)
                  ^^^^^^^^^^^^^^
  File "/Users/szymonzmyslony/Library/Caches/pypoetry/virtualenvs/pipeline-RtkjAAJa-py3.11/lib/python3.11/site-packages/dagster/_core/execution/plan/compute_generator.py", line 131, in _coerce_op_compute_fn_to_iterator
    result = invoke_compute_fn(
             ^^^^^^^^^^^^^^^^^^
  File "/Users/szymonzmyslony/Library/Caches/pypoetry/virtualenvs/pipeline-RtkjAAJa-py3.11/lib/python3.11/site-packages/dagster/_core/execution/plan/compute_generator.py", line 125, in invoke_compute_fn
    return fn(context, **args_to_pass) if context_arg_provided else fn(**args_to_pass)
           ^^^^^^^^^^^^^^^^^^^^^^^^^^^
  File "/Users/szymonzmyslony/projects/master-pipeline/pipeline/pipeline/assets.py", line 275, in combined_and_cleaned_video_docs
    cleaned_documents = [
                        ^
  File "/Users/szymonzmyslony/projects/master-pipeline/pipeline/pipeline/assets.py", line 280, in <listcomp>
    chunk_document(video)
  File "/Users/szymonzmyslony/projects/master-pipeline/pipeline/pipeline/assets.py", line 270, in chunk_document
    transript_chunks, _ = transcript_chunker.chunk_document()
                          ^^^^^^^^^^^^^^^^^^^^^^^^^^^^^^^^^^^
  File "/Users/szymonzmyslony/projects/master-pipeline/pipeline/chunker/DocumentChunker.py", line 176, in chunk_document
    self.calculate_distances_and_chunk()
  File "/Users/szymonzmyslony/projects/master-pipeline/pipeline/chunker/DocumentChunker.py", line 154, in calculate_distances_and_chunk
    indices_above_thresh = get_indices_above_threshold(
                           ^^^^^^^^^^^^^^^^^^^^^^^^^^^^
  File "/Users/szymonzmyslony/projects/master-pipeline/pipeline/chunker/embeddings.py", line 21, in get_indices_above_threshold
    breakpoint_distance_threshold = np.percentile(
                                    ^^^^^^^^^^^^^^
  File "/Users/szymonzmyslony/Library/Caches/pypoetry/virtualenvs/pipeline-RtkjAAJa-py3.11/lib/python3.11/site-packages/numpy/lib/function_base.py", line 4283, in percentile
    return _quantile_unchecked(
           ^^^^^^^^^^^^^^^^^^^^
  File "/Users/szymonzmyslony/Library/Caches/pypoetry/virtualenvs/pipeline-RtkjAAJa-py3.11/lib/python3.11/site-packages/numpy/lib/function_base.py", line 4555, in _quantile_unchecked
    return _ureduce(a,
           ^^^^^^^^^^^
  File "/Users/szymonzmyslony/Library/Caches/pypoetry/virtualenvs/pipeline-RtkjAAJa-py3.11/lib/python3.11/site-packages/numpy/lib/function_base.py", line 3823, in _ureduce
    r = func(a, **kwargs)
        ^^^^^^^^^^^^^^^^^
  File "/Users/szymonzmyslony/Library/Caches/pypoetry/virtualenvs/pipeline-RtkjAAJa-py3.11/lib/python3.11/site-packages/numpy/lib/function_base.py", line 4721, in _quantile_ureduce_func
    result = _quantile(arr,
             ^^^^^^^^^^^^^^
  File "/Users/szymonzmyslony/Library/Caches/pypoetry/virtualenvs/pipeline-RtkjAAJa-py3.11/lib/python3.11/site-packages/numpy/lib/function_base.py", line 4830, in _quantile
    slices_having_nans = np.isnan(arr[-1, ...])
                                  ~~~^^^^^^^^^
[0m
