[32m2024-02-02 00:10:56 +0100[0m - dagster - [34mDEBUG[0m - __ASSET_JOB - 61da8070-f3be-4117-8f14-b030bdbbf1e8 - 75044 - LOGS_CAPTURED - Started capturing logs in process (pid: 75044).
[32m2024-02-02 00:10:56 +0100[0m - dagster - [34mDEBUG[0m - __ASSET_JOB - 61da8070-f3be-4117-8f14-b030bdbbf1e8 - 75044 - combined_and_cleaned_video_docs - STEP_START - Started execution of step "combined_and_cleaned_video_docs".
[32m2024-02-02 00:10:56 +0100[0m - dagster - [34mDEBUG[0m - __ASSET_JOB - 61da8070-f3be-4117-8f14-b030bdbbf1e8 - combined_and_cleaned_video_docs - Loading file from: /Users/szymonzmyslony/projects/master-pipeline/pipeline/.dagster/storage/complete_video_content using PickledObjectFilesystemIOManager...
[32m2024-02-02 00:10:56 +0100[0m - dagster - [34mDEBUG[0m - __ASSET_JOB - 61da8070-f3be-4117-8f14-b030bdbbf1e8 - 75044 - combined_and_cleaned_video_docs - ASSET_OBSERVATION - DagsterEventType.ASSET_OBSERVATION for step combined_and_cleaned_video_docs
[32m2024-02-02 00:10:56 +0100[0m - dagster - [34mDEBUG[0m - __ASSET_JOB - 61da8070-f3be-4117-8f14-b030bdbbf1e8 - 75044 - combined_and_cleaned_video_docs - LOADED_INPUT - Loaded input "complete_video_content" using input manager "io_manager"
[32m2024-02-02 00:10:56 +0100[0m - dagster - [34mDEBUG[0m - __ASSET_JOB - 61da8070-f3be-4117-8f14-b030bdbbf1e8 - 75044 - combined_and_cleaned_video_docs - STEP_INPUT - Got input "complete_video_content" of type "Any". (Type check passed).
[32m2024-02-02 00:10:56 +0100[0m - dagster - [34mINFO[0m - __ASSET_JOB - 61da8070-f3be-4117-8f14-b030bdbbf1e8 - combined_and_cleaned_video_docs - double_newline_count: 26
[32m2024-02-02 00:10:56 +0100[0m - dagster - [34mINFO[0m - __ASSET_JOB - 61da8070-f3be-4117-8f14-b030bdbbf1e8 - combined_and_cleaned_video_docs - fetched_from_youtube: False
[32m2024-02-02 00:10:56 +0100[0m - dagster - [34mINFO[0m - __ASSET_JOB - 61da8070-f3be-4117-8f14-b030bdbbf1e8 - combined_and_cleaned_video_docs - Splitting on double lines
[32m2024-02-02 00:10:57 +0100[0m - dagster - [34mINFO[0m - __ASSET_JOB - 61da8070-f3be-4117-8f14-b030bdbbf1e8 - combined_and_cleaned_video_docs - we are in Should you start a startup?
[32m2024-02-02 00:10:57 +0100[0m - dagster - [34mINFO[0m - __ASSET_JOB - 61da8070-f3be-4117-8f14-b030bdbbf1e8 - combined_and_cleaned_video_docs - We have 26 paragraphs
[32m2024-02-02 00:10:57 +0100[0m - dagster - [34mINFO[0m - __ASSET_JOB - 61da8070-f3be-4117-8f14-b030bdbbf1e8 - combined_and_cleaned_video_docs - We have 5 chunks
[32m2024-02-02 00:10:57 +0100[0m - dagster - [34mINFO[0m - __ASSET_JOB - 61da8070-f3be-4117-8f14-b030bdbbf1e8 - combined_and_cleaned_video_docs - double_newline_count: 90
[32m2024-02-02 00:10:57 +0100[0m - dagster - [34mINFO[0m - __ASSET_JOB - 61da8070-f3be-4117-8f14-b030bdbbf1e8 - combined_and_cleaned_video_docs - fetched_from_youtube: False
[32m2024-02-02 00:10:57 +0100[0m - dagster - [34mINFO[0m - __ASSET_JOB - 61da8070-f3be-4117-8f14-b030bdbbf1e8 - combined_and_cleaned_video_docs - Splitting on double lines
[32m2024-02-02 00:11:00 +0100[0m - dagster - [34mINFO[0m - __ASSET_JOB - 61da8070-f3be-4117-8f14-b030bdbbf1e8 - combined_and_cleaned_video_docs - we are in How to Pitch Your Startup
[32m2024-02-02 00:11:00 +0100[0m - dagster - [34mINFO[0m - __ASSET_JOB - 61da8070-f3be-4117-8f14-b030bdbbf1e8 - combined_and_cleaned_video_docs - We have 90 paragraphs
[32m2024-02-02 00:11:00 +0100[0m - dagster - [34mINFO[0m - __ASSET_JOB - 61da8070-f3be-4117-8f14-b030bdbbf1e8 - combined_and_cleaned_video_docs - We have 3 chunks
[32m2024-02-02 00:11:00 +0100[0m - dagster - [34mINFO[0m - __ASSET_JOB - 61da8070-f3be-4117-8f14-b030bdbbf1e8 - combined_and_cleaned_video_docs - double_newline_count: 1
[32m2024-02-02 00:11:00 +0100[0m - dagster - [34mINFO[0m - __ASSET_JOB - 61da8070-f3be-4117-8f14-b030bdbbf1e8 - combined_and_cleaned_video_docs - fetched_from_youtube: True
[32m2024-02-02 00:11:00 +0100[0m - dagster - [34mINFO[0m - __ASSET_JOB - 61da8070-f3be-4117-8f14-b030bdbbf1e8 - combined_and_cleaned_video_docs - Spitting on puncatation
[32m2024-02-02 00:11:01 +0100[0m - dagster - [34mINFO[0m - __ASSET_JOB - 61da8070-f3be-4117-8f14-b030bdbbf1e8 - combined_and_cleaned_video_docs - Len of para is 0
[32m2024-02-02 00:11:01 +0100[0m - dagster - [34mERROR[0m - [31m__ASSET_JOB - 61da8070-f3be-4117-8f14-b030bdbbf1e8 - 75044 - combined_and_cleaned_video_docs - STEP_FAILURE - Execution of step "combined_and_cleaned_video_docs" failed.

dagster._core.errors.DagsterExecutionStepExecutionError: Error occurred while executing op "combined_and_cleaned_video_docs"::

IndexError: index -1 is out of bounds for axis 0 with size 0

Stack Trace:
  File "/Users/szymonzmyslony/Library/Caches/pypoetry/virtualenvs/pipeline-RtkjAAJa-py3.11/lib/python3.11/site-packages/dagster/_core/execution/plan/utils.py", line 54, in op_execution_error_boundary
    yield
  File "/Users/szymonzmyslony/Library/Caches/pypoetry/virtualenvs/pipeline-RtkjAAJa-py3.11/lib/python3.11/site-packages/dagster/_utils/__init__.py", line 467, in iterate_with_context
    next_output = next(iterator)
                  ^^^^^^^^^^^^^^
  File "/Users/szymonzmyslony/Library/Caches/pypoetry/virtualenvs/pipeline-RtkjAAJa-py3.11/lib/python3.11/site-packages/dagster/_core/execution/plan/compute_generator.py", line 131, in _coerce_op_compute_fn_to_iterator
    result = invoke_compute_fn(
             ^^^^^^^^^^^^^^^^^^
  File "/Users/szymonzmyslony/Library/Caches/pypoetry/virtualenvs/pipeline-RtkjAAJa-py3.11/lib/python3.11/site-packages/dagster/_core/execution/plan/compute_generator.py", line 125, in invoke_compute_fn
    return fn(context, **args_to_pass) if context_arg_provided else fn(**args_to_pass)
           ^^^^^^^^^^^^^^^^^^^^^^^^^^^
  File "/Users/szymonzmyslony/projects/master-pipeline/pipeline/pipeline/assets.py", line 281, in combined_and_cleaned_video_docs
    cleaned_documents = [
                        ^
  File "/Users/szymonzmyslony/projects/master-pipeline/pipeline/pipeline/assets.py", line 286, in <listcomp>
    chunk_document(video, video["fetching_transcript"])
  File "/Users/szymonzmyslony/projects/master-pipeline/pipeline/pipeline/assets.py", line 276, in chunk_document
    transript_chunks, _ = transcript_chunker.chunk_document()
                          ^^^^^^^^^^^^^^^^^^^^^^^^^^^^^^^^^^^
  File "/Users/szymonzmyslony/projects/master-pipeline/pipeline/chunker/DocumentChunker.py", line 144, in chunk_document
    self.calculate_distances_and_chunk()
  File "/Users/szymonzmyslony/projects/master-pipeline/pipeline/chunker/DocumentChunker.py", line 119, in calculate_distances_and_chunk
    indices_above_thresh = get_indices_above_threshold(
                           ^^^^^^^^^^^^^^^^^^^^^^^^^^^^
  File "/Users/szymonzmyslony/projects/master-pipeline/pipeline/chunker/embeddings.py", line 21, in get_indices_above_threshold
    breakpoint_distance_threshold = np.percentile(
                                    ^^^^^^^^^^^^^^
  File "/Users/szymonzmyslony/Library/Caches/pypoetry/virtualenvs/pipeline-RtkjAAJa-py3.11/lib/python3.11/site-packages/numpy/lib/function_base.py", line 4283, in percentile
    return _quantile_unchecked(
           ^^^^^^^^^^^^^^^^^^^^
  File "/Users/szymonzmyslony/Library/Caches/pypoetry/virtualenvs/pipeline-RtkjAAJa-py3.11/lib/python3.11/site-packages/numpy/lib/function_base.py", line 4555, in _quantile_unchecked
    return _ureduce(a,
           ^^^^^^^^^^^
  File "/Users/szymonzmyslony/Library/Caches/pypoetry/virtualenvs/pipeline-RtkjAAJa-py3.11/lib/python3.11/site-packages/numpy/lib/function_base.py", line 3823, in _ureduce
    r = func(a, **kwargs)
        ^^^^^^^^^^^^^^^^^
  File "/Users/szymonzmyslony/Library/Caches/pypoetry/virtualenvs/pipeline-RtkjAAJa-py3.11/lib/python3.11/site-packages/numpy/lib/function_base.py", line 4721, in _quantile_ureduce_func
    result = _quantile(arr,
             ^^^^^^^^^^^^^^
  File "/Users/szymonzmyslony/Library/Caches/pypoetry/virtualenvs/pipeline-RtkjAAJa-py3.11/lib/python3.11/site-packages/numpy/lib/function_base.py", line 4830, in _quantile
    slices_having_nans = np.isnan(arr[-1, ...])
                                  ~~~^^^^^^^^^
[0m
