[32m2024-02-01 15:37:51 +0100[0m - dagster - [34mDEBUG[0m - __ASSET_JOB - 6f243e20-af25-48f4-a07f-e933b3cb57f6 - 22878 - LOGS_CAPTURED - Started capturing logs in process (pid: 22878).
[32m2024-02-01 15:37:51 +0100[0m - dagster - [34mDEBUG[0m - __ASSET_JOB - 6f243e20-af25-48f4-a07f-e933b3cb57f6 - 22878 - combined_and_cleaned_video_docs - STEP_START - Started execution of step "combined_and_cleaned_video_docs".
[32m2024-02-01 15:37:51 +0100[0m - dagster - [34mDEBUG[0m - __ASSET_JOB - 6f243e20-af25-48f4-a07f-e933b3cb57f6 - combined_and_cleaned_video_docs - Loading file from: /Users/szymonzmyslony/projects/master-pipeline/pipeline/.dagster/storage/complete_video_content using PickledObjectFilesystemIOManager...
[32m2024-02-01 15:37:51 +0100[0m - dagster - [34mDEBUG[0m - __ASSET_JOB - 6f243e20-af25-48f4-a07f-e933b3cb57f6 - 22878 - combined_and_cleaned_video_docs - ASSET_OBSERVATION - DagsterEventType.ASSET_OBSERVATION for step combined_and_cleaned_video_docs
[32m2024-02-01 15:37:51 +0100[0m - dagster - [34mDEBUG[0m - __ASSET_JOB - 6f243e20-af25-48f4-a07f-e933b3cb57f6 - 22878 - combined_and_cleaned_video_docs - LOADED_INPUT - Loaded input "complete_video_content" using input manager "io_manager"
[32m2024-02-01 15:37:51 +0100[0m - dagster - [34mDEBUG[0m - __ASSET_JOB - 6f243e20-af25-48f4-a07f-e933b3cb57f6 - 22878 - combined_and_cleaned_video_docs - STEP_INPUT - Got input "complete_video_content" of type "Any". (Type check passed).
[32m2024-02-01 15:37:51 +0100[0m - dagster - [34mINFO[0m - __ASSET_JOB - 6f243e20-af25-48f4-a07f-e933b3cb57f6 - combined_and_cleaned_video_docs - https://www.ycombinator.com/library/GV-should-you-start-a-startup
[32m2024-02-01 15:37:51 +0100[0m - dagster - [34mINFO[0m - __ASSET_JOB - 6f243e20-af25-48f4-a07f-e933b3cb57f6 - combined_and_cleaned_video_docs - YC Group Partner Harj Taggar shares his advice on the types of people best suited to be startup founders and how to
prepare to start a company in the future.

[32m2024-02-01 15:37:53 +0100[0m - dagster - [34mINFO[0m - __ASSET_JOB - 6f243e20-af25-48f4-a07f-e933b3cb57f6 - combined_and_cleaned_video_docs - https://www.ycombinator.com/library/6q-how-to-pitch-your-startup
[32m2024-02-01 15:37:53 +0100[0m - dagster - [34mINFO[0m - __ASSET_JOB - 6f243e20-af25-48f4-a07f-e933b3cb57f6 - combined_and_cleaned_video_docs - In this lecture, YC Partner Kevin Hale goes over how to package up your idea and communicate it to an investor. He
shares his tips on how to craft your pitch in a clear and concise way that effectively grabs your audience's attention.

**Watch if:**

  - this is a must watch\!
  - you want investors to pay attention to your startup
  - people have a hard time understanding what your startup does

[32m2024-02-01 15:37:55 +0100[0m - dagster - [34mINFO[0m - __ASSET_JOB - 6f243e20-af25-48f4-a07f-e933b3cb57f6 - combined_and_cleaned_video_docs - https://www.ycombinator.com/library/J0-inside-the-group-partner-lounge-when-to-launch-your-startup
[32m2024-02-01 15:37:55 +0100[0m - dagster - [34mINFO[0m - __ASSET_JOB - 6f243e20-af25-48f4-a07f-e933b3cb57f6 - combined_and_cleaned_video_docs - Step inside the group partners' lounge to hear Y Combinator Partners Harj Taggar, Michael Seibel and Brad Flora discuss
how startups should approach launching and the exceptions to the rules.

[32m2024-02-01 15:37:58 +0100[0m - dagster - [34mINFO[0m - __ASSET_JOB - 6f243e20-af25-48f4-a07f-e933b3cb57f6 - combined_and_cleaned_video_docs - https://www.ycombinator.com/library/Jq-garry-s-channel-should-you-be-the-ceo
[32m2024-02-01 15:37:58 +0100[0m - dagster - [34mINFO[0m - __ASSET_JOB - 6f243e20-af25-48f4-a07f-e933b3cb57f6 - combined_and_cleaned_video_docs - We were pitching A16z, with Marc Andreessen and Ben Horowitz. They asked us who was CEO. We said both. It was the wrong
answer.

This video is about why people try to do shared leadership, and how you can tell if you should be CEO or not. It might
seem like its not important... but it is.

[32m2024-02-01 15:38:00 +0100[0m - dagster - [34mINFO[0m - __ASSET_JOB - 6f243e20-af25-48f4-a07f-e933b3cb57f6 - combined_and_cleaned_video_docs - https://www.ycombinator.com/library/8h-how-to-find-the-right-co-founder
[32m2024-02-01 15:38:00 +0100[0m - dagster - [34mINFO[0m - __ASSET_JOB - 6f243e20-af25-48f4-a07f-e933b3cb57f6 - combined_and_cleaned_video_docs - **Find a Co-Founder with YC**

Since this video was created, we've launched [YC Co-Founder Matching](https://www.startupschool.org/cofounder-matching).
The advice in this video is still correct -- if you have an existing network to search for co-founders, that's a great
place to look for a match. But many founders have also found success with our co-founder matching service, so we now
recommend you try that in parallel.

-----

YC Partner Harj Taggar shares advice on how to find the right co-founder for your startup. This lecture was filmed for
the future founder track of Startup School 2020.

[32m2024-02-01 15:38:01 +0100[0m - dagster - [34mINFO[0m - __ASSET_JOB - 6f243e20-af25-48f4-a07f-e933b3cb57f6 - combined_and_cleaned_video_docs - https://www.ycombinator.com/library/8H-analytics-for-startups
[32m2024-02-01 15:38:01 +0100[0m - dagster - [34mINFO[0m - __ASSET_JOB - 6f243e20-af25-48f4-a07f-e933b3cb57f6 - combined_and_cleaned_video_docs - Ilya Volodarsky, Co-founder of Segment, presents his tactics for setting up analytics to build your MVP and measure your
metrics.

[32m2024-02-01 15:38:04 +0100[0m - dagster - [34mINFO[0m - __ASSET_JOB - 6f243e20-af25-48f4-a07f-e933b3cb57f6 - combined_and_cleaned_video_docs - https://www.ycombinator.com/library/DY-dalton-michael-yc-founders-made-these-fundraising-mistakes
[32m2024-02-01 15:38:04 +0100[0m - dagster - [34mINFO[0m - __ASSET_JOB - 6f243e20-af25-48f4-a07f-e933b3cb57f6 - combined_and_cleaned_video_docs - Dalton and Michael talk about fundraising mistakes.   
  
We asked YC founders: Is there a simple fact you wish you knew when you started your company or a rookie mistake you
wish you could take back?

[32m2024-02-01 15:38:06 +0100[0m - dagster - [34mINFO[0m - __ASSET_JOB - 6f243e20-af25-48f4-a07f-e933b3cb57f6 - combined_and_cleaned_video_docs - https://www.ycombinator.com/library/KD-how-to-convert-more-visitors-into-customers
[32m2024-02-01 15:38:06 +0100[0m - dagster - [34mINFO[0m - __ASSET_JOB - 6f243e20-af25-48f4-a07f-e933b3cb57f6 - combined_and_cleaned_video_docs - Getting people to visit your startup’s website is just step one. Getting them to actually sign up, buy something, or
even just care to learn more is a whole different challenge — and it’s one where good design is *crucial.*

For this episode of [Design Review](https://www.ycombinator.com/library/carousel/Design%20Review), Aaron Epstein is
joined by YC’s [newest Group
Partner](https://www.ycombinator.com/blog/meet-ycs-newest-group-partner-and-visiting-group-partners), Pete Koomen, to
cover some of the seemingly small things in a page’s design that can ultimately have huge impacts. Pete knows a thing or
two about this subject; before joining YC, he was a co-founder of
[Optimizely](https://www.ycombinator.com/companies/optimizely), which helps thousands of companies run tests to figure
out which potential design changes work best.

[32m2024-02-01 15:38:10 +0100[0m - dagster - [34mINFO[0m - __ASSET_JOB - 6f243e20-af25-48f4-a07f-e933b3cb57f6 - combined_and_cleaned_video_docs - https://www.ycombinator.com/library/61-order-of-operations-for-starting-a-startup
[32m2024-02-01 15:38:10 +0100[0m - dagster - [34mINFO[0m - __ASSET_JOB - 6f243e20-af25-48f4-a07f-e933b3cb57f6 - combined_and_cleaned_video_docs - More often than not, when I talk to a talented technical person who’s thinking about becoming a founder, their number
one blocker is that they don’t have an idea. At some point during their formative years they learned that every great
startup started with a great idea and if the idea isn’t amazing (usually as judged by peers, parents, or other people
with little startup experience), the startup will fail.

My first startup’s idea (really Justin Kan’s idea) was to create a live reality TV show where people would walk around
with cameras on their head livestreaming their lives 24/7. This company eventually became Twitch.tv and sold to Amazon
for almost a billion dollars (thanks to some amazing work by Emmett Shear, Kevin Lin, and a great group of employees).
Airbnb started with the idea that when you want to attend a conference, sometimes all the hotels in that city are sold
out. Therefore, wouldn’t it be great to have a site where you can find an airbed to crash on. In 2017 over 200 million
nights were booked on Airbnb, [almost none of them fitting the original purpose of the
site](https://press.atairbnb.com/the-u-s-midwest-ryokans-and-brazilian-beaches-airbnbs-2018-travel-trends/).

I’d like to offer an alternative to the conventional “great idea” theory of startups for first time founders to
consider. This guide can help you walk the path from nothing to a launched minimal viable product (MVP). This is by no
means the only path to an MVP and I don’t know if it’s the best path, but it is a path that I’ve seen work for a number
of YC companies.

## The Order of Operations

Here’s where I’d start: Is there any particular problem that you are passionate about? For younger founders, that
problem can come from your experience growing up, from your family/friends, your personal interests, or from school. For
older founders it could also come from experiences at work, being married, or being someone’s partner. For the Airbnb
founders, their original problem was how to pay rent. For Justin.tv/Twitch the original problem Justin and Emmett had
was what startup should we work on next. Some problems seem important and impactful at the beginning and others feel
like trivial toys. I’ve seen both types grow into billion dollar companies.

Once you decide on a problem, find some friends and brainstorm potential solutions to the problem. Those friends can be
other people who also have the same problem but they don’t have to be. They can be people you went to school with,
people from work, or people you’ve met in your personal life. What’s probably most important is that you pick friends
who are smart and fun to brainstorm with. When someone is fun to brainstorm with - instead of rejecting potential
solutions as they are said aloud - they riff on the solutions and improve upon them. If you’re not technical I’d
encourage you to brainstorm with friends/colleagues who are. If you pick the correct friends to talk to, sometimes the
result of this brainstorm is a solution or idea that you can get really excited about. This is the spark that can make
your startup come alive. Because the people you brainstormed with feel some ownership for the solution you came up with
together, this is the perfect time to ask them to work with you to actually build that solution. A great brainstorm can
often not only provide you with an idea, it can also provide you with co-founders (so pick your brainstorming partners
carefully).<sup id="footnoteid1"><a href="#footnote1">1</a></sup>

At this point the most important thing to make that spark turn into a fire is to work together to build and launch a
minimal viable product (MVP). An MVP is the smallest possible product you can build that allows you to start offering
your service to users. Often times you need very little software to start. Resist the temptation to build your complete
solution because in reality you have no idea whether it will work. Better to build an extremely stripped down version of
your solution and start seeing if users actually want to use it. Airbnb’s first version had almost no features (no map
view, no profiles, no messaging, no payments, etc) and they referred to it as “Airbnb Lite” and built it in under a
month. It’s totally okay if you need to do a bunch of manual work that doesn’t scale on the backend, is users actually
want what you are making you’ll have time to fix everything and make it scale later. Once you have your first users of
any kind, you have a startup. That being said, you still need someone with the technical skills to ship the MVP.

Once you’ve put your MVP together, there’s a ton of startup advice to follow. Here are a few resources I recommend:

  - [YC’s Essential Advice](https://blog.ycombinator.com/ycs-essential-startup-advice/)
  - [Paul Graham's Essays](http://www.paulgraham.com/articles.html)
  - [Blog Pmarca](https://pmarchive.com/)

## Two Failed Orders of Operations

There are a couple of paths I see first time founders walk that often lead them to failure.

**1) Come up with an idea and then pitch investors.**  
Usually these founders think that investors, by investing, will validate their idea and that if they can’t raise money -
they don’t have a good idea. Good investors are interested in teams who are actually in the process of executing their
idea and tend to shy away from teams that are just pitching their idea.

**2) I have an idea but can’t write code and none of my co-founders can either.**  
These founders want to pay someone else to build their product. Then they’ll launch it, try to raise money, and build
out a tech team. The problem there is that good investors are actually investing in the team you’ve built. If you are
building a tech startup and no one on your team can write code or do the technical work necessary, the bar to raise
investment is much much higher. In my experience you have to have 10x the amount of traction to get a good investor to
overlook a non-technical team. Also, in general the problem with outsourcing engineering is that the people you
outsource aren’t as motivated as you are and are often fairly expensive.

## Counterexamples

There are a lot of counterexamples to the “failure” scenarios I described above, both for first time and repeat
founders. What I will tell you is that building a successful startup is extremely hard and when you choose to follow one
of the failure paths - often your road is much harder and less likely to lead to success. Why make things more painful
on yourself?

By no means do I think this is the only path but when founders ask me to recommend a path, this is the one I recommend.
It’s the most effective one I’ve seen in getting founders past the first major hurdles of putting something out and
finding initial funding.

-----

**Note**  
<b id="footnote1">1.</b> Now, what if you’re not technical and don’t have access to technical people? Often what I tell
future founders is go work at a startup and make those friends. At the end of the day, having the right founding team is
such a fast track to to building a successful startup that it’s worth investing a year or two building those
relationships before you start.[↩](#footnoteid1)

*Thanks to Carolynn Levy, Adora Cheung, Daniel Gackle, and Craig Cannon for reading drafts of this post.*

[32m2024-02-01 15:38:13 +0100[0m - dagster - [34mINFO[0m - __ASSET_JOB - 6f243e20-af25-48f4-a07f-e933b3cb57f6 - combined_and_cleaned_video_docs - https://www.ycombinator.com/library/5x-how-to-split-equity-among-co-founders
[32m2024-02-01 15:38:13 +0100[0m - dagster - [34mINFO[0m - __ASSET_JOB - 6f243e20-af25-48f4-a07f-e933b3cb57f6 - combined_and_cleaned_video_docs - **Founders often ask how they should split equity with their co-founders.**

Founders often ask how they should split equity with their co-founders.When I search the web on this topic I often see
horrible advice, typically advocating for significant inequality among different founding team members. We see this
trend reflected in the thousands of applications we review at Y Combinator every year.

Here are some of the most often cited reasons for unequal equity splits:

  - I came up with the idea for the company
  - I started working *n* months before my co-founder
  - This is what we agreed to
  - My co-founder took a salary for *n* months and I didn't
  - I started working full time *n* months before my co-founder
  - I am older/more experienced than my co-founder
  - I brought on my co-founder after raising *n* thousands of dollars
  - I brought on my co-founder after launching my MVP
  - We need someone to tie-break in the case of founder arguments

**Founders tend to make the mistake of splitting equity based on early work.**

All of these lines of reasoning screw up in four fundamental ways:

  - **It takes 7 to 10 years to build a company of great value.** Small variations in year one do not justify massively
    different founder equity splits in year 2-10.
  - **More equity = more motivation.** Almost all startups fail. The more motivated the founders, the higher the chance
    of success. Getting a larger piece of the equity pie is worth nothing if the lack of motivation on your founding
    team leads to failure.
  - **If you don’t value your co-founders, neither will anyone else.** Investors look at founder equity split as a cue
    on how the CEO values his/her co-founders. If you only give a co-founder 10% or 1%, others will either think they
    aren't very good or aren't going to be very impactful in your business. The quality of the team is often one of the
    top reasons why an investor will or won’t invest. Why communicate to investors that you have a team that you don’t
    highly value?
  - **Startups are about execution, not about ideas.** Dramatically unequal founder equity splits often give undue
    preference to the co-founder who initially came up with the idea for the startup, as opposed to the small group
    founders who got the product to market and generated the initial traction.

**Equity should be split equally (or near equally) because all the work is ahead of you.**

My advice for splitting equity is probably controversial, but it's what we have done for all of my startups, and what we
almost always recommend at YC: equal (or close to equal) equity splits among co-founders. \[1\] These are the people you
are going to war with. You will spend more time with these people than you will with most family members. These are the
people who will help you decide the most important questions in your company. Finally, these are the people you will
celebrate with when you succeed.

I believe equal or close to equal equity splits among founding teams should become standard. If you aren't willing to
give your partner an equal share, then perhaps you are choosing the wrong partner.

*Thank you to Justin Kan, Qasar Younis, and Colleen Taylor for reading drafts of this essay*

Notes:

\[1\] If you fear what will happen if you have to break up with a co-founder, make sure you have a proper vesting
schedule. In the Valley, a typical setup is to have four years of vesting with a one year “cliff.” In other words, while
you might own 50% of the company on paper, if you leave or get fired within a year you walk away with nothing. After the
one year point you get 25% of your stock. Every month after that you get an additional 1/48th of your total stock. You
only earn all of your stock at the end of four years. This ensures that founders are a good fit for the long haul -- and
if there is a problem you can fix it without harm in year one. Another good contingency measure is for only the CEO to
hold a board seat before a significant equity fundraise. That will prevent board disputes during tough decisions, such
as in the unlikely event that the CEO has to fire a co-founder.

[32m2024-02-01 15:38:18 +0100[0m - dagster - [34mINFO[0m - __ASSET_JOB - 6f243e20-af25-48f4-a07f-e933b3cb57f6 - combined_and_cleaned_video_docs - https://www.ycombinator.com/library/DZ-dalton-michael-co-founder-mistakes-that-kill-companies-and-how-to-avoid-them
[32m2024-02-01 15:38:18 +0100[0m - dagster - [34mINFO[0m - __ASSET_JOB - 6f243e20-af25-48f4-a07f-e933b3cb57f6 - combined_and_cleaned_video_docs - In the first episode of Dalton & Michael , Dalton Caldwell and Michael Seibel discuss co-founder mistakes.   
  
We asked YC founders: Is there a simple fact you wish you knew when you started your company or a rookie mistake you
wish you could take back?

[32m2024-02-01 15:38:20 +0100[0m - dagster - [34mINFO[0m - __ASSET_JOB - 6f243e20-af25-48f4-a07f-e933b3cb57f6 - combined_and_cleaned_video_docs - https://www.ycombinator.com/library/8G-advice-for-hard-tech-and-biotech-founders
[32m2024-02-01 15:38:20 +0100[0m - dagster - [34mINFO[0m - __ASSET_JOB - 6f243e20-af25-48f4-a07f-e933b3cb57f6 - combined_and_cleaned_video_docs - YC Partner Jared Friedman covers hard tech companies and why founders should consider starting one. He also covers a
couple of the most common problems hard tech companies face and how to solve them, with examples from seven YC
companies.

[32m2024-02-01 15:38:23 +0100[0m - dagster - [34mINFO[0m - __ASSET_JOB - 6f243e20-af25-48f4-a07f-e933b3cb57f6 - combined_and_cleaned_video_docs - https://www.ycombinator.com/library/77-how-to-invent-the-future-part-1
[32m2024-02-01 15:38:23 +0100[0m - dagster - [34mINFO[0m - __ASSET_JOB - 6f243e20-af25-48f4-a07f-e933b3cb57f6 - combined_and_cleaned_video_docs - One of the pioneers of personal computing, Alan Kay shares his story and how to think about building for the future.

[32m2024-02-01 15:38:27 +0100[0m - dagster - [34mERROR[0m - [31m__ASSET_JOB - 6f243e20-af25-48f4-a07f-e933b3cb57f6 - 22878 - combined_and_cleaned_video_docs - STEP_FAILURE - Execution of step "combined_and_cleaned_video_docs" failed.

dagster._core.errors.DagsterExecutionStepExecutionError: Error occurred while executing op "combined_and_cleaned_video_docs"::

IndexError: index -1 is out of bounds for axis 0 with size 0

Stack Trace:
  File "/Users/szymonzmyslony/Library/Caches/pypoetry/virtualenvs/pipeline-RtkjAAJa-py3.11/lib/python3.11/site-packages/dagster/_core/execution/plan/utils.py", line 54, in op_execution_error_boundary
    yield
  File "/Users/szymonzmyslony/Library/Caches/pypoetry/virtualenvs/pipeline-RtkjAAJa-py3.11/lib/python3.11/site-packages/dagster/_utils/__init__.py", line 467, in iterate_with_context
    next_output = next(iterator)
                  ^^^^^^^^^^^^^^
  File "/Users/szymonzmyslony/Library/Caches/pypoetry/virtualenvs/pipeline-RtkjAAJa-py3.11/lib/python3.11/site-packages/dagster/_core/execution/plan/compute_generator.py", line 131, in _coerce_op_compute_fn_to_iterator
    result = invoke_compute_fn(
             ^^^^^^^^^^^^^^^^^^
  File "/Users/szymonzmyslony/Library/Caches/pypoetry/virtualenvs/pipeline-RtkjAAJa-py3.11/lib/python3.11/site-packages/dagster/_core/execution/plan/compute_generator.py", line 125, in invoke_compute_fn
    return fn(context, **args_to_pass) if context_arg_provided else fn(**args_to_pass)
           ^^^^^^^^^^^^^^^^^^^^^^^^^^^
  File "/Users/szymonzmyslony/projects/master-pipeline/pipeline/pipeline/assets.py", line 276, in combined_and_cleaned_video_docs
    cleaned_documents = [
                        ^
  File "/Users/szymonzmyslony/projects/master-pipeline/pipeline/pipeline/assets.py", line 281, in <listcomp>
    chunk_document(video)
  File "/Users/szymonzmyslony/projects/master-pipeline/pipeline/pipeline/assets.py", line 264, in chunk_document
    chunks, _ = chunker.chunk_document()
                ^^^^^^^^^^^^^^^^^^^^^^^^
  File "/Users/szymonzmyslony/projects/master-pipeline/pipeline/chunker/DocumentChunker.py", line 94, in chunk_document
    self.calculate_distances_and_chunk()
  File "/Users/szymonzmyslony/projects/master-pipeline/pipeline/chunker/DocumentChunker.py", line 72, in calculate_distances_and_chunk
    indices_above_thresh = get_indices_above_threshold(
                           ^^^^^^^^^^^^^^^^^^^^^^^^^^^^
  File "/Users/szymonzmyslony/projects/master-pipeline/pipeline/chunker/embeddings.py", line 21, in get_indices_above_threshold
    breakpoint_distance_threshold = np.percentile(
                                    ^^^^^^^^^^^^^^
  File "/Users/szymonzmyslony/Library/Caches/pypoetry/virtualenvs/pipeline-RtkjAAJa-py3.11/lib/python3.11/site-packages/numpy/lib/function_base.py", line 4283, in percentile
    return _quantile_unchecked(
           ^^^^^^^^^^^^^^^^^^^^
  File "/Users/szymonzmyslony/Library/Caches/pypoetry/virtualenvs/pipeline-RtkjAAJa-py3.11/lib/python3.11/site-packages/numpy/lib/function_base.py", line 4555, in _quantile_unchecked
    return _ureduce(a,
           ^^^^^^^^^^^
  File "/Users/szymonzmyslony/Library/Caches/pypoetry/virtualenvs/pipeline-RtkjAAJa-py3.11/lib/python3.11/site-packages/numpy/lib/function_base.py", line 3823, in _ureduce
    r = func(a, **kwargs)
        ^^^^^^^^^^^^^^^^^
  File "/Users/szymonzmyslony/Library/Caches/pypoetry/virtualenvs/pipeline-RtkjAAJa-py3.11/lib/python3.11/site-packages/numpy/lib/function_base.py", line 4721, in _quantile_ureduce_func
    result = _quantile(arr,
             ^^^^^^^^^^^^^^
  File "/Users/szymonzmyslony/Library/Caches/pypoetry/virtualenvs/pipeline-RtkjAAJa-py3.11/lib/python3.11/site-packages/numpy/lib/function_base.py", line 4830, in _quantile
    slices_having_nans = np.isnan(arr[-1, ...])
                                  ~~~^^^^^^^^^
[0m
