[32m2024-02-02 00:38:14 +0100[0m - dagster - [34mDEBUG[0m - __ASSET_JOB - 102bb9a0-9b8d-4e53-981d-60c678776e32 - 76947 - LOGS_CAPTURED - Started capturing logs in process (pid: 76947).
[32m2024-02-02 00:38:14 +0100[0m - dagster - [34mDEBUG[0m - __ASSET_JOB - 102bb9a0-9b8d-4e53-981d-60c678776e32 - 76947 - combined_and_cleaned_video_docs - STEP_START - Started execution of step "combined_and_cleaned_video_docs".
[32m2024-02-02 00:38:14 +0100[0m - dagster - [34mDEBUG[0m - __ASSET_JOB - 102bb9a0-9b8d-4e53-981d-60c678776e32 - combined_and_cleaned_video_docs - Loading file from: /Users/szymonzmyslony/projects/master-pipeline/pipeline/.dagster/storage/complete_video_content using PickledObjectFilesystemIOManager...
[32m2024-02-02 00:38:14 +0100[0m - dagster - [34mDEBUG[0m - __ASSET_JOB - 102bb9a0-9b8d-4e53-981d-60c678776e32 - 76947 - combined_and_cleaned_video_docs - ASSET_OBSERVATION - DagsterEventType.ASSET_OBSERVATION for step combined_and_cleaned_video_docs
[32m2024-02-02 00:38:14 +0100[0m - dagster - [34mDEBUG[0m - __ASSET_JOB - 102bb9a0-9b8d-4e53-981d-60c678776e32 - 76947 - combined_and_cleaned_video_docs - LOADED_INPUT - Loaded input "complete_video_content" using input manager "io_manager"
[32m2024-02-02 00:38:14 +0100[0m - dagster - [34mDEBUG[0m - __ASSET_JOB - 102bb9a0-9b8d-4e53-981d-60c678776e32 - 76947 - combined_and_cleaned_video_docs - STEP_INPUT - Got input "complete_video_content" of type "Any". (Type check passed).
[32m2024-02-02 00:38:14 +0100[0m - dagster - [34mINFO[0m - __ASSET_JOB - 102bb9a0-9b8d-4e53-981d-60c678776e32 - combined_and_cleaned_video_docs - https://www.ycombinator.com/library/GV-should-you-start-a-startup
[32m2024-02-02 00:38:14 +0100[0m - dagster - [34mINFO[0m - __ASSET_JOB - 102bb9a0-9b8d-4e53-981d-60c678776e32 - combined_and_cleaned_video_docs - double_newline_count: 26
[32m2024-02-02 00:38:14 +0100[0m - dagster - [34mINFO[0m - __ASSET_JOB - 102bb9a0-9b8d-4e53-981d-60c678776e32 - combined_and_cleaned_video_docs - fetched_from_youtube: False
[32m2024-02-02 00:38:14 +0100[0m - dagster - [34mINFO[0m - __ASSET_JOB - 102bb9a0-9b8d-4e53-981d-60c678776e32 - combined_and_cleaned_video_docs - Splitting on double lines
[32m2024-02-02 00:38:15 +0100[0m - dagster - [34mINFO[0m - __ASSET_JOB - 102bb9a0-9b8d-4e53-981d-60c678776e32 - combined_and_cleaned_video_docs - Returning 27 paragraphs
[32m2024-02-02 00:38:16 +0100[0m - dagster - [34mINFO[0m - __ASSET_JOB - 102bb9a0-9b8d-4e53-981d-60c678776e32 - combined_and_cleaned_video_docs - We have 26 paragraphs
[32m2024-02-02 00:38:16 +0100[0m - dagster - [34mINFO[0m - __ASSET_JOB - 102bb9a0-9b8d-4e53-981d-60c678776e32 - combined_and_cleaned_video_docs - We have 5 chunks
[32m2024-02-02 00:38:16 +0100[0m - dagster - [34mINFO[0m - __ASSET_JOB - 102bb9a0-9b8d-4e53-981d-60c678776e32 - combined_and_cleaned_video_docs - https://www.ycombinator.com/library/6q-how-to-pitch-your-startup
[32m2024-02-02 00:38:16 +0100[0m - dagster - [34mINFO[0m - __ASSET_JOB - 102bb9a0-9b8d-4e53-981d-60c678776e32 - combined_and_cleaned_video_docs - double_newline_count: 90
[32m2024-02-02 00:38:16 +0100[0m - dagster - [34mINFO[0m - __ASSET_JOB - 102bb9a0-9b8d-4e53-981d-60c678776e32 - combined_and_cleaned_video_docs - fetched_from_youtube: False
[32m2024-02-02 00:38:16 +0100[0m - dagster - [34mINFO[0m - __ASSET_JOB - 102bb9a0-9b8d-4e53-981d-60c678776e32 - combined_and_cleaned_video_docs - Splitting on double lines
[32m2024-02-02 00:38:16 +0100[0m - dagster - [34mINFO[0m - __ASSET_JOB - 102bb9a0-9b8d-4e53-981d-60c678776e32 - combined_and_cleaned_video_docs - Returning 91 paragraphs
[32m2024-02-02 00:38:18 +0100[0m - dagster - [34mINFO[0m - __ASSET_JOB - 102bb9a0-9b8d-4e53-981d-60c678776e32 - combined_and_cleaned_video_docs - We have 90 paragraphs
[32m2024-02-02 00:38:18 +0100[0m - dagster - [34mINFO[0m - __ASSET_JOB - 102bb9a0-9b8d-4e53-981d-60c678776e32 - combined_and_cleaned_video_docs - We have 3 chunks
[32m2024-02-02 00:38:18 +0100[0m - dagster - [34mINFO[0m - __ASSET_JOB - 102bb9a0-9b8d-4e53-981d-60c678776e32 - combined_and_cleaned_video_docs - https://www.ycombinator.com/library/J0-inside-the-group-partner-lounge-when-to-launch-your-startup
[32m2024-02-02 00:38:18 +0100[0m - dagster - [34mINFO[0m - __ASSET_JOB - 102bb9a0-9b8d-4e53-981d-60c678776e32 - combined_and_cleaned_video_docs - double_newline_count: 1
[32m2024-02-02 00:38:18 +0100[0m - dagster - [34mINFO[0m - __ASSET_JOB - 102bb9a0-9b8d-4e53-981d-60c678776e32 - combined_and_cleaned_video_docs - fetched_from_youtube: True
[32m2024-02-02 00:38:18 +0100[0m - dagster - [34mINFO[0m - __ASSET_JOB - 102bb9a0-9b8d-4e53-981d-60c678776e32 - combined_and_cleaned_video_docs - Splitting on punctuation
[32m2024-02-02 00:38:19 +0100[0m - dagster - [34mINFO[0m - __ASSET_JOB - 102bb9a0-9b8d-4e53-981d-60c678776e32 - combined_and_cleaned_video_docs - Could not split on punctuation, splitting on single new line instead
[32m2024-02-02 00:38:19 +0100[0m - dagster - [34mINFO[0m - __ASSET_JOB - 102bb9a0-9b8d-4e53-981d-60c678776e32 - combined_and_cleaned_video_docs - Returning 390 paragraphs
[32m2024-02-02 00:38:25 +0100[0m - dagster - [34mINFO[0m - __ASSET_JOB - 102bb9a0-9b8d-4e53-981d-60c678776e32 - combined_and_cleaned_video_docs - We have 388 paragraphs
[32m2024-02-02 00:38:25 +0100[0m - dagster - [34mINFO[0m - __ASSET_JOB - 102bb9a0-9b8d-4e53-981d-60c678776e32 - combined_and_cleaned_video_docs - We have 5 chunks
[32m2024-02-02 00:38:25 +0100[0m - dagster - [34mINFO[0m - __ASSET_JOB - 102bb9a0-9b8d-4e53-981d-60c678776e32 - combined_and_cleaned_video_docs - https://www.ycombinator.com/library/Jq-garry-s-channel-should-you-be-the-ceo
[32m2024-02-02 00:38:25 +0100[0m - dagster - [34mINFO[0m - __ASSET_JOB - 102bb9a0-9b8d-4e53-981d-60c678776e32 - combined_and_cleaned_video_docs - double_newline_count: 0
[32m2024-02-02 00:38:25 +0100[0m - dagster - [34mINFO[0m - __ASSET_JOB - 102bb9a0-9b8d-4e53-981d-60c678776e32 - combined_and_cleaned_video_docs - fetched_from_youtube: True
[32m2024-02-02 00:38:25 +0100[0m - dagster - [34mINFO[0m - __ASSET_JOB - 102bb9a0-9b8d-4e53-981d-60c678776e32 - combined_and_cleaned_video_docs - Splitting on punctuation
[32m2024-02-02 00:38:25 +0100[0m - dagster - [34mINFO[0m - __ASSET_JOB - 102bb9a0-9b8d-4e53-981d-60c678776e32 - combined_and_cleaned_video_docs - Returning 99 paragraphs
[32m2024-02-02 00:38:27 +0100[0m - dagster - [34mINFO[0m - __ASSET_JOB - 102bb9a0-9b8d-4e53-981d-60c678776e32 - combined_and_cleaned_video_docs - We have 99 paragraphs
[32m2024-02-02 00:38:27 +0100[0m - dagster - [34mINFO[0m - __ASSET_JOB - 102bb9a0-9b8d-4e53-981d-60c678776e32 - combined_and_cleaned_video_docs - We have 3 chunks
[32m2024-02-02 00:38:27 +0100[0m - dagster - [34mINFO[0m - __ASSET_JOB - 102bb9a0-9b8d-4e53-981d-60c678776e32 - combined_and_cleaned_video_docs - https://www.ycombinator.com/library/8h-how-to-find-the-right-co-founder
[32m2024-02-02 00:38:27 +0100[0m - dagster - [34mINFO[0m - __ASSET_JOB - 102bb9a0-9b8d-4e53-981d-60c678776e32 - combined_and_cleaned_video_docs - double_newline_count: 32
[32m2024-02-02 00:38:27 +0100[0m - dagster - [34mINFO[0m - __ASSET_JOB - 102bb9a0-9b8d-4e53-981d-60c678776e32 - combined_and_cleaned_video_docs - fetched_from_youtube: False
[32m2024-02-02 00:38:27 +0100[0m - dagster - [34mINFO[0m - __ASSET_JOB - 102bb9a0-9b8d-4e53-981d-60c678776e32 - combined_and_cleaned_video_docs - Splitting on double lines
[32m2024-02-02 00:38:27 +0100[0m - dagster - [34mINFO[0m - __ASSET_JOB - 102bb9a0-9b8d-4e53-981d-60c678776e32 - combined_and_cleaned_video_docs - Returning 33 paragraphs
[32m2024-02-02 00:38:28 +0100[0m - dagster - [34mINFO[0m - __ASSET_JOB - 102bb9a0-9b8d-4e53-981d-60c678776e32 - combined_and_cleaned_video_docs - We have 32 paragraphs
[32m2024-02-02 00:38:28 +0100[0m - dagster - [34mINFO[0m - __ASSET_JOB - 102bb9a0-9b8d-4e53-981d-60c678776e32 - combined_and_cleaned_video_docs - We have 5 chunks
[32m2024-02-02 00:38:28 +0100[0m - dagster - [34mINFO[0m - __ASSET_JOB - 102bb9a0-9b8d-4e53-981d-60c678776e32 - combined_and_cleaned_video_docs - https://www.ycombinator.com/library/8H-analytics-for-startups
[32m2024-02-02 00:38:28 +0100[0m - dagster - [34mINFO[0m - __ASSET_JOB - 102bb9a0-9b8d-4e53-981d-60c678776e32 - combined_and_cleaned_video_docs - double_newline_count: 1
[32m2024-02-02 00:38:28 +0100[0m - dagster - [34mINFO[0m - __ASSET_JOB - 102bb9a0-9b8d-4e53-981d-60c678776e32 - combined_and_cleaned_video_docs - fetched_from_youtube: True
[32m2024-02-02 00:38:28 +0100[0m - dagster - [34mINFO[0m - __ASSET_JOB - 102bb9a0-9b8d-4e53-981d-60c678776e32 - combined_and_cleaned_video_docs - Splitting on punctuation
[32m2024-02-02 00:38:29 +0100[0m - dagster - [34mINFO[0m - __ASSET_JOB - 102bb9a0-9b8d-4e53-981d-60c678776e32 - combined_and_cleaned_video_docs - Could not split on punctuation, splitting on single new line instead
[32m2024-02-02 00:38:29 +0100[0m - dagster - [34mINFO[0m - __ASSET_JOB - 102bb9a0-9b8d-4e53-981d-60c678776e32 - combined_and_cleaned_video_docs - Returning 602 paragraphs
[32m2024-02-02 00:38:36 +0100[0m - dagster - [34mINFO[0m - __ASSET_JOB - 102bb9a0-9b8d-4e53-981d-60c678776e32 - combined_and_cleaned_video_docs - We have 600 paragraphs
[32m2024-02-02 00:38:36 +0100[0m - dagster - [34mINFO[0m - __ASSET_JOB - 102bb9a0-9b8d-4e53-981d-60c678776e32 - combined_and_cleaned_video_docs - We have 7 chunks
[32m2024-02-02 00:38:36 +0100[0m - dagster - [34mINFO[0m - __ASSET_JOB - 102bb9a0-9b8d-4e53-981d-60c678776e32 - combined_and_cleaned_video_docs - https://www.ycombinator.com/library/DY-dalton-michael-yc-founders-made-these-fundraising-mistakes
[32m2024-02-02 00:38:36 +0100[0m - dagster - [34mINFO[0m - __ASSET_JOB - 102bb9a0-9b8d-4e53-981d-60c678776e32 - combined_and_cleaned_video_docs - double_newline_count: 1
[32m2024-02-02 00:38:36 +0100[0m - dagster - [34mINFO[0m - __ASSET_JOB - 102bb9a0-9b8d-4e53-981d-60c678776e32 - combined_and_cleaned_video_docs - fetched_from_youtube: True
[32m2024-02-02 00:38:36 +0100[0m - dagster - [34mINFO[0m - __ASSET_JOB - 102bb9a0-9b8d-4e53-981d-60c678776e32 - combined_and_cleaned_video_docs - Splitting on punctuation
[32m2024-02-02 00:38:36 +0100[0m - dagster - [34mINFO[0m - __ASSET_JOB - 102bb9a0-9b8d-4e53-981d-60c678776e32 - combined_and_cleaned_video_docs - Returning 2 paragraphs
[32m2024-02-02 00:38:36 +0100[0m - dagster - [34mINFO[0m - __ASSET_JOB - 102bb9a0-9b8d-4e53-981d-60c678776e32 - combined_and_cleaned_video_docs - We have 2 paragraphs
[32m2024-02-02 00:38:36 +0100[0m - dagster - [34mINFO[0m - __ASSET_JOB - 102bb9a0-9b8d-4e53-981d-60c678776e32 - combined_and_cleaned_video_docs - We have 1 chunks
[32m2024-02-02 00:38:36 +0100[0m - dagster - [34mINFO[0m - __ASSET_JOB - 102bb9a0-9b8d-4e53-981d-60c678776e32 - combined_and_cleaned_video_docs - https://www.ycombinator.com/library/AQ-how-to-pick-which-startup-to-work-at
[32m2024-02-02 00:38:36 +0100[0m - dagster - [34mINFO[0m - __ASSET_JOB - 102bb9a0-9b8d-4e53-981d-60c678776e32 - combined_and_cleaned_video_docs - double_newline_count: 1
[32m2024-02-02 00:38:36 +0100[0m - dagster - [34mINFO[0m - __ASSET_JOB - 102bb9a0-9b8d-4e53-981d-60c678776e32 - combined_and_cleaned_video_docs - fetched_from_youtube: True
[32m2024-02-02 00:38:36 +0100[0m - dagster - [34mINFO[0m - __ASSET_JOB - 102bb9a0-9b8d-4e53-981d-60c678776e32 - combined_and_cleaned_video_docs - Splitting on punctuation
[32m2024-02-02 00:38:37 +0100[0m - dagster - [34mINFO[0m - __ASSET_JOB - 102bb9a0-9b8d-4e53-981d-60c678776e32 - combined_and_cleaned_video_docs - Returning 13 paragraphs
[32m2024-02-02 00:38:39 +0100[0m - dagster - [34mINFO[0m - __ASSET_JOB - 102bb9a0-9b8d-4e53-981d-60c678776e32 - combined_and_cleaned_video_docs - We have 13 paragraphs
[32m2024-02-02 00:38:39 +0100[0m - dagster - [34mINFO[0m - __ASSET_JOB - 102bb9a0-9b8d-4e53-981d-60c678776e32 - combined_and_cleaned_video_docs - We have 4 chunks
[32m2024-02-02 00:38:39 +0100[0m - dagster - [34mINFO[0m - __ASSET_JOB - 102bb9a0-9b8d-4e53-981d-60c678776e32 - combined_and_cleaned_video_docs - https://www.ycombinator.com/library/KD-how-to-convert-more-visitors-into-customers
[32m2024-02-02 00:38:39 +0100[0m - dagster - [34mINFO[0m - __ASSET_JOB - 102bb9a0-9b8d-4e53-981d-60c678776e32 - combined_and_cleaned_video_docs - double_newline_count: 1
[32m2024-02-02 00:38:39 +0100[0m - dagster - [34mINFO[0m - __ASSET_JOB - 102bb9a0-9b8d-4e53-981d-60c678776e32 - combined_and_cleaned_video_docs - fetched_from_youtube: True
[32m2024-02-02 00:38:39 +0100[0m - dagster - [34mINFO[0m - __ASSET_JOB - 102bb9a0-9b8d-4e53-981d-60c678776e32 - combined_and_cleaned_video_docs - Splitting on punctuation
[32m2024-02-02 00:38:39 +0100[0m - dagster - [34mINFO[0m - __ASSET_JOB - 102bb9a0-9b8d-4e53-981d-60c678776e32 - combined_and_cleaned_video_docs - Could not split on punctuation, splitting on single new line instead
[32m2024-02-02 00:38:39 +0100[0m - dagster - [34mINFO[0m - __ASSET_JOB - 102bb9a0-9b8d-4e53-981d-60c678776e32 - combined_and_cleaned_video_docs - Returning 637 paragraphs
[32m2024-02-02 00:38:48 +0100[0m - dagster - [34mINFO[0m - __ASSET_JOB - 102bb9a0-9b8d-4e53-981d-60c678776e32 - combined_and_cleaned_video_docs - We have 635 paragraphs
[32m2024-02-02 00:38:48 +0100[0m - dagster - [34mINFO[0m - __ASSET_JOB - 102bb9a0-9b8d-4e53-981d-60c678776e32 - combined_and_cleaned_video_docs - We have 8 chunks
[32m2024-02-02 00:38:48 +0100[0m - dagster - [34mINFO[0m - __ASSET_JOB - 102bb9a0-9b8d-4e53-981d-60c678776e32 - combined_and_cleaned_video_docs - https://www.ycombinator.com/library/61-order-of-operations-for-starting-a-startup
[32m2024-02-02 00:38:48 +0100[0m - dagster - [34mINFO[0m - __ASSET_JOB - 102bb9a0-9b8d-4e53-981d-60c678776e32 - combined_and_cleaned_video_docs - double_newline_count: 1
[32m2024-02-02 00:38:48 +0100[0m - dagster - [34mINFO[0m - __ASSET_JOB - 102bb9a0-9b8d-4e53-981d-60c678776e32 - combined_and_cleaned_video_docs - fetched_from_youtube: True
[32m2024-02-02 00:38:48 +0100[0m - dagster - [34mINFO[0m - __ASSET_JOB - 102bb9a0-9b8d-4e53-981d-60c678776e32 - combined_and_cleaned_video_docs - Splitting on punctuation
[32m2024-02-02 00:38:49 +0100[0m - dagster - [34mINFO[0m - __ASSET_JOB - 102bb9a0-9b8d-4e53-981d-60c678776e32 - combined_and_cleaned_video_docs - Could not split on punctuation, splitting on single new line instead
[32m2024-02-02 00:38:49 +0100[0m - dagster - [34mINFO[0m - __ASSET_JOB - 102bb9a0-9b8d-4e53-981d-60c678776e32 - combined_and_cleaned_video_docs - Returning 399 paragraphs
[32m2024-02-02 00:38:53 +0100[0m - dagster - [34mINFO[0m - __ASSET_JOB - 102bb9a0-9b8d-4e53-981d-60c678776e32 - combined_and_cleaned_video_docs - We have 397 paragraphs
[32m2024-02-02 00:38:53 +0100[0m - dagster - [34mINFO[0m - __ASSET_JOB - 102bb9a0-9b8d-4e53-981d-60c678776e32 - combined_and_cleaned_video_docs - We have 5 chunks
[32m2024-02-02 00:38:53 +0100[0m - dagster - [34mINFO[0m - __ASSET_JOB - 102bb9a0-9b8d-4e53-981d-60c678776e32 - combined_and_cleaned_video_docs - https://www.ycombinator.com/library/5x-how-to-split-equity-among-co-founders
[32m2024-02-02 00:38:53 +0100[0m - dagster - [34mINFO[0m - __ASSET_JOB - 102bb9a0-9b8d-4e53-981d-60c678776e32 - combined_and_cleaned_video_docs - double_newline_count: 1
[32m2024-02-02 00:38:53 +0100[0m - dagster - [34mINFO[0m - __ASSET_JOB - 102bb9a0-9b8d-4e53-981d-60c678776e32 - combined_and_cleaned_video_docs - fetched_from_youtube: True
[32m2024-02-02 00:38:53 +0100[0m - dagster - [34mINFO[0m - __ASSET_JOB - 102bb9a0-9b8d-4e53-981d-60c678776e32 - combined_and_cleaned_video_docs - Splitting on punctuation
[32m2024-02-02 00:38:53 +0100[0m - dagster - [34mINFO[0m - __ASSET_JOB - 102bb9a0-9b8d-4e53-981d-60c678776e32 - combined_and_cleaned_video_docs - Could not split on punctuation, splitting on single new line instead
[32m2024-02-02 00:38:53 +0100[0m - dagster - [34mINFO[0m - __ASSET_JOB - 102bb9a0-9b8d-4e53-981d-60c678776e32 - combined_and_cleaned_video_docs - Returning 106 paragraphs
[32m2024-02-02 00:38:55 +0100[0m - dagster - [34mINFO[0m - __ASSET_JOB - 102bb9a0-9b8d-4e53-981d-60c678776e32 - combined_and_cleaned_video_docs - We have 104 paragraphs
[32m2024-02-02 00:38:55 +0100[0m - dagster - [34mINFO[0m - __ASSET_JOB - 102bb9a0-9b8d-4e53-981d-60c678776e32 - combined_and_cleaned_video_docs - We have 3 chunks
[32m2024-02-02 00:38:55 +0100[0m - dagster - [34mINFO[0m - __ASSET_JOB - 102bb9a0-9b8d-4e53-981d-60c678776e32 - combined_and_cleaned_video_docs - https://www.ycombinator.com/library/DZ-dalton-michael-co-founder-mistakes-that-kill-companies-and-how-to-avoid-them
[32m2024-02-02 00:38:55 +0100[0m - dagster - [34mINFO[0m - __ASSET_JOB - 102bb9a0-9b8d-4e53-981d-60c678776e32 - combined_and_cleaned_video_docs - double_newline_count: 1
[32m2024-02-02 00:38:55 +0100[0m - dagster - [34mINFO[0m - __ASSET_JOB - 102bb9a0-9b8d-4e53-981d-60c678776e32 - combined_and_cleaned_video_docs - fetched_from_youtube: True
[32m2024-02-02 00:38:55 +0100[0m - dagster - [34mINFO[0m - __ASSET_JOB - 102bb9a0-9b8d-4e53-981d-60c678776e32 - combined_and_cleaned_video_docs - Splitting on punctuation
[32m2024-02-02 00:38:55 +0100[0m - dagster - [34mINFO[0m - __ASSET_JOB - 102bb9a0-9b8d-4e53-981d-60c678776e32 - combined_and_cleaned_video_docs - Could not split on punctuation, splitting on single new line instead
[32m2024-02-02 00:38:55 +0100[0m - dagster - [34mINFO[0m - __ASSET_JOB - 102bb9a0-9b8d-4e53-981d-60c678776e32 - combined_and_cleaned_video_docs - Returning 269 paragraphs
[32m2024-02-02 00:38:59 +0100[0m - dagster - [34mINFO[0m - __ASSET_JOB - 102bb9a0-9b8d-4e53-981d-60c678776e32 - combined_and_cleaned_video_docs - We have 267 paragraphs
[32m2024-02-02 00:38:59 +0100[0m - dagster - [34mINFO[0m - __ASSET_JOB - 102bb9a0-9b8d-4e53-981d-60c678776e32 - combined_and_cleaned_video_docs - We have 4 chunks
[32m2024-02-02 00:38:59 +0100[0m - dagster - [34mINFO[0m - __ASSET_JOB - 102bb9a0-9b8d-4e53-981d-60c678776e32 - combined_and_cleaned_video_docs - https://www.ycombinator.com/library/8G-advice-for-hard-tech-and-biotech-founders
[32m2024-02-02 00:38:59 +0100[0m - dagster - [34mINFO[0m - __ASSET_JOB - 102bb9a0-9b8d-4e53-981d-60c678776e32 - combined_and_cleaned_video_docs - double_newline_count: 1
[32m2024-02-02 00:38:59 +0100[0m - dagster - [34mINFO[0m - __ASSET_JOB - 102bb9a0-9b8d-4e53-981d-60c678776e32 - combined_and_cleaned_video_docs - fetched_from_youtube: True
[32m2024-02-02 00:38:59 +0100[0m - dagster - [34mINFO[0m - __ASSET_JOB - 102bb9a0-9b8d-4e53-981d-60c678776e32 - combined_and_cleaned_video_docs - Splitting on punctuation
[32m2024-02-02 00:39:01 +0100[0m - dagster - [34mINFO[0m - __ASSET_JOB - 102bb9a0-9b8d-4e53-981d-60c678776e32 - combined_and_cleaned_video_docs - Could not split on punctuation, splitting on single new line instead
[32m2024-02-02 00:39:01 +0100[0m - dagster - [34mINFO[0m - __ASSET_JOB - 102bb9a0-9b8d-4e53-981d-60c678776e32 - combined_and_cleaned_video_docs - Returning 592 paragraphs
[32m2024-02-02 00:39:10 +0100[0m - dagster - [34mINFO[0m - __ASSET_JOB - 102bb9a0-9b8d-4e53-981d-60c678776e32 - combined_and_cleaned_video_docs - We have 590 paragraphs
[32m2024-02-02 00:39:10 +0100[0m - dagster - [34mINFO[0m - __ASSET_JOB - 102bb9a0-9b8d-4e53-981d-60c678776e32 - combined_and_cleaned_video_docs - We have 7 chunks
[32m2024-02-02 00:39:10 +0100[0m - dagster - [34mINFO[0m - __ASSET_JOB - 102bb9a0-9b8d-4e53-981d-60c678776e32 - combined_and_cleaned_video_docs - https://www.ycombinator.com/library/77-how-to-invent-the-future-part-1
[32m2024-02-02 00:39:10 +0100[0m - dagster - [34mINFO[0m - __ASSET_JOB - 102bb9a0-9b8d-4e53-981d-60c678776e32 - combined_and_cleaned_video_docs - double_newline_count: 4
[32m2024-02-02 00:39:10 +0100[0m - dagster - [34mINFO[0m - __ASSET_JOB - 102bb9a0-9b8d-4e53-981d-60c678776e32 - combined_and_cleaned_video_docs - fetched_from_youtube: True
[32m2024-02-02 00:39:10 +0100[0m - dagster - [34mINFO[0m - __ASSET_JOB - 102bb9a0-9b8d-4e53-981d-60c678776e32 - combined_and_cleaned_video_docs - Splitting on double lines
[32m2024-02-02 00:39:10 +0100[0m - dagster - [34mINFO[0m - __ASSET_JOB - 102bb9a0-9b8d-4e53-981d-60c678776e32 - combined_and_cleaned_video_docs - Returning 5 paragraphs
[32m2024-02-02 00:39:10 +0100[0m - dagster - [34mINFO[0m - __ASSET_JOB - 102bb9a0-9b8d-4e53-981d-60c678776e32 - combined_and_cleaned_video_docs - Single paragraph exceeds token limit at index 1
[32m2024-02-02 00:39:11 +0100[0m - dagster - [34mERROR[0m - [31m__ASSET_JOB - 102bb9a0-9b8d-4e53-981d-60c678776e32 - 76947 - combined_and_cleaned_video_docs - STEP_FAILURE - Execution of step "combined_and_cleaned_video_docs" failed.

dagster._core.errors.DagsterExecutionStepExecutionError: Error occurred while executing op "combined_and_cleaned_video_docs"::

IndexError: index -1 is out of bounds for axis 0 with size 0

Stack Trace:
  File "/Users/szymonzmyslony/Library/Caches/pypoetry/virtualenvs/pipeline-RtkjAAJa-py3.11/lib/python3.11/site-packages/dagster/_core/execution/plan/utils.py", line 54, in op_execution_error_boundary
    yield
  File "/Users/szymonzmyslony/Library/Caches/pypoetry/virtualenvs/pipeline-RtkjAAJa-py3.11/lib/python3.11/site-packages/dagster/_utils/__init__.py", line 467, in iterate_with_context
    next_output = next(iterator)
                  ^^^^^^^^^^^^^^
  File "/Users/szymonzmyslony/Library/Caches/pypoetry/virtualenvs/pipeline-RtkjAAJa-py3.11/lib/python3.11/site-packages/dagster/_core/execution/plan/compute_generator.py", line 131, in _coerce_op_compute_fn_to_iterator
    result = invoke_compute_fn(
             ^^^^^^^^^^^^^^^^^^
  File "/Users/szymonzmyslony/Library/Caches/pypoetry/virtualenvs/pipeline-RtkjAAJa-py3.11/lib/python3.11/site-packages/dagster/_core/execution/plan/compute_generator.py", line 125, in invoke_compute_fn
    return fn(context, **args_to_pass) if context_arg_provided else fn(**args_to_pass)
           ^^^^^^^^^^^^^^^^^^^^^^^^^^^
  File "/Users/szymonzmyslony/projects/master-pipeline/pipeline/pipeline/assets.py", line 281, in combined_and_cleaned_video_docs
    cleaned_documents = [
                        ^
  File "/Users/szymonzmyslony/projects/master-pipeline/pipeline/pipeline/assets.py", line 286, in <listcomp>
    chunk_document(video, video["fetching_transcript"])
  File "/Users/szymonzmyslony/projects/master-pipeline/pipeline/pipeline/assets.py", line 276, in chunk_document
    transript_chunks, _ = transcript_chunker.chunk_document()
                          ^^^^^^^^^^^^^^^^^^^^^^^^^^^^^^^^^^^
  File "/Users/szymonzmyslony/projects/master-pipeline/pipeline/chunker/DocumentChunker.py", line 141, in chunk_document
    self.calculate_distances_and_chunk()
  File "/Users/szymonzmyslony/projects/master-pipeline/pipeline/chunker/DocumentChunker.py", line 117, in calculate_distances_and_chunk
    indices_above_thresh = get_indices_above_threshold(
                           ^^^^^^^^^^^^^^^^^^^^^^^^^^^^
  File "/Users/szymonzmyslony/projects/master-pipeline/pipeline/chunker/embeddings.py", line 21, in get_indices_above_threshold
    breakpoint_distance_threshold = np.percentile(
                                    ^^^^^^^^^^^^^^
  File "/Users/szymonzmyslony/Library/Caches/pypoetry/virtualenvs/pipeline-RtkjAAJa-py3.11/lib/python3.11/site-packages/numpy/lib/function_base.py", line 4283, in percentile
    return _quantile_unchecked(
           ^^^^^^^^^^^^^^^^^^^^
  File "/Users/szymonzmyslony/Library/Caches/pypoetry/virtualenvs/pipeline-RtkjAAJa-py3.11/lib/python3.11/site-packages/numpy/lib/function_base.py", line 4555, in _quantile_unchecked
    return _ureduce(a,
           ^^^^^^^^^^^
  File "/Users/szymonzmyslony/Library/Caches/pypoetry/virtualenvs/pipeline-RtkjAAJa-py3.11/lib/python3.11/site-packages/numpy/lib/function_base.py", line 3823, in _ureduce
    r = func(a, **kwargs)
        ^^^^^^^^^^^^^^^^^
  File "/Users/szymonzmyslony/Library/Caches/pypoetry/virtualenvs/pipeline-RtkjAAJa-py3.11/lib/python3.11/site-packages/numpy/lib/function_base.py", line 4721, in _quantile_ureduce_func
    result = _quantile(arr,
             ^^^^^^^^^^^^^^
  File "/Users/szymonzmyslony/Library/Caches/pypoetry/virtualenvs/pipeline-RtkjAAJa-py3.11/lib/python3.11/site-packages/numpy/lib/function_base.py", line 4830, in _quantile
    slices_having_nans = np.isnan(arr[-1, ...])
                                  ~~~^^^^^^^^^
[0m
