[32m2024-01-31 13:44:02 +0100[0m - dagster - [34mDEBUG[0m - __ASSET_JOB - 1e00089f-00c4-4856-832a-0633743a26c8 - 56687 - LOGS_CAPTURED - Started capturing logs in process (pid: 56687).
[32m2024-01-31 13:44:02 +0100[0m - dagster - [34mDEBUG[0m - __ASSET_JOB - 1e00089f-00c4-4856-832a-0633743a26c8 - 56687 - combined_and_cleaned_docs - STEP_START - Started execution of step "combined_and_cleaned_docs".
[32m2024-01-31 13:44:02 +0100[0m - dagster - [34mDEBUG[0m - __ASSET_JOB - 1e00089f-00c4-4856-832a-0633743a26c8 - combined_and_cleaned_docs - Loading file from: /Users/szymonzmyslony/projects/master-pipeline/pipeline/.dagster/storage/blogs_content using PickledObjectFilesystemIOManager...
[32m2024-01-31 13:44:02 +0100[0m - dagster - [34mDEBUG[0m - __ASSET_JOB - 1e00089f-00c4-4856-832a-0633743a26c8 - 56687 - combined_and_cleaned_docs - ASSET_OBSERVATION - DagsterEventType.ASSET_OBSERVATION for step combined_and_cleaned_docs
[32m2024-01-31 13:44:02 +0100[0m - dagster - [34mDEBUG[0m - __ASSET_JOB - 1e00089f-00c4-4856-832a-0633743a26c8 - 56687 - combined_and_cleaned_docs - LOADED_INPUT - Loaded input "blogs_content" using input manager "io_manager"
[32m2024-01-31 13:44:02 +0100[0m - dagster - [34mDEBUG[0m - __ASSET_JOB - 1e00089f-00c4-4856-832a-0633743a26c8 - 56687 - combined_and_cleaned_docs - STEP_INPUT - Got input "blogs_content" of type "Any". (Type check passed).
[32m2024-01-31 13:49:34 +0100[0m - dagster - [34mERROR[0m - [31m__ASSET_JOB - 1e00089f-00c4-4856-832a-0633743a26c8 - 56687 - combined_and_cleaned_docs - STEP_FAILURE - Execution of step "combined_and_cleaned_docs" failed.

dagster._core.errors.DagsterExecutionStepExecutionError: Error occurred while executing op "combined_and_cleaned_docs"::

IndexError: index -1 is out of bounds for axis 0 with size 0

Stack Trace:
  File "/Users/szymonzmyslony/Library/Caches/pypoetry/virtualenvs/pipeline-RtkjAAJa-py3.11/lib/python3.11/site-packages/dagster/_core/execution/plan/utils.py", line 54, in op_execution_error_boundary
    yield
  File "/Users/szymonzmyslony/Library/Caches/pypoetry/virtualenvs/pipeline-RtkjAAJa-py3.11/lib/python3.11/site-packages/dagster/_utils/__init__.py", line 467, in iterate_with_context
    next_output = next(iterator)
                  ^^^^^^^^^^^^^^
  File "/Users/szymonzmyslony/Library/Caches/pypoetry/virtualenvs/pipeline-RtkjAAJa-py3.11/lib/python3.11/site-packages/dagster/_core/execution/plan/compute_generator.py", line 131, in _coerce_op_compute_fn_to_iterator
    result = invoke_compute_fn(
             ^^^^^^^^^^^^^^^^^^
  File "/Users/szymonzmyslony/Library/Caches/pypoetry/virtualenvs/pipeline-RtkjAAJa-py3.11/lib/python3.11/site-packages/dagster/_core/execution/plan/compute_generator.py", line 125, in invoke_compute_fn
    return fn(context, **args_to_pass) if context_arg_provided else fn(**args_to_pass)
           ^^^^^^^^^^^^^^^^^^^^^^^^^^^
  File "/Users/szymonzmyslony/projects/master-pipeline/pipeline/pipeline/assets.py", line 219, in combined_and_cleaned_docs
    cleaned_documents = list(map(chunk_document, blogs_content[:10]))
                        ^^^^^^^^^^^^^^^^^^^^^^^^^^^^^^^^^^^^^^^^^^^^^
  File "/Users/szymonzmyslony/projects/master-pipeline/pipeline/pipeline/assets.py", line 215, in chunk_document
    splitted = {"content": chunker.chunk_document()}
                           ^^^^^^^^^^^^^^^^^^^^^^^^
  File "/Users/szymonzmyslony/projects/master-pipeline/pipeline/chunker/DocumentChunker.py", line 56, in chunk_document
    self.calculate_distances_and_chunk()
  File "/Users/szymonzmyslony/projects/master-pipeline/pipeline/chunker/DocumentChunker.py", line 24, in calculate_distances_and_chunk
    indices_above_thresh = get_indices_above_threshold(
                           ^^^^^^^^^^^^^^^^^^^^^^^^^^^^
  File "/Users/szymonzmyslony/projects/master-pipeline/pipeline/chunker/embeddings.py", line 21, in get_indices_above_threshold
    breakpoint_distance_threshold = np.percentile(
                                    ^^^^^^^^^^^^^^
  File "/Users/szymonzmyslony/Library/Caches/pypoetry/virtualenvs/pipeline-RtkjAAJa-py3.11/lib/python3.11/site-packages/numpy/lib/function_base.py", line 4283, in percentile
    return _quantile_unchecked(
           ^^^^^^^^^^^^^^^^^^^^
  File "/Users/szymonzmyslony/Library/Caches/pypoetry/virtualenvs/pipeline-RtkjAAJa-py3.11/lib/python3.11/site-packages/numpy/lib/function_base.py", line 4555, in _quantile_unchecked
    return _ureduce(a,
           ^^^^^^^^^^^
  File "/Users/szymonzmyslony/Library/Caches/pypoetry/virtualenvs/pipeline-RtkjAAJa-py3.11/lib/python3.11/site-packages/numpy/lib/function_base.py", line 3823, in _ureduce
    r = func(a, **kwargs)
        ^^^^^^^^^^^^^^^^^
  File "/Users/szymonzmyslony/Library/Caches/pypoetry/virtualenvs/pipeline-RtkjAAJa-py3.11/lib/python3.11/site-packages/numpy/lib/function_base.py", line 4721, in _quantile_ureduce_func
    result = _quantile(arr,
             ^^^^^^^^^^^^^^
  File "/Users/szymonzmyslony/Library/Caches/pypoetry/virtualenvs/pipeline-RtkjAAJa-py3.11/lib/python3.11/site-packages/numpy/lib/function_base.py", line 4830, in _quantile
    slices_having_nans = np.isnan(arr[-1, ...])
                                  ~~~^^^^^^^^^
[0m
