[32m2024-01-31 19:39:05 +0100[0m - dagster - [34mDEBUG[0m - __ASSET_JOB - 688d1cfc-69ca-473c-99d1-ec8418688f25 - 77093 - LOGS_CAPTURED - Started capturing logs in process (pid: 77093).
[32m2024-01-31 19:39:05 +0100[0m - dagster - [34mDEBUG[0m - __ASSET_JOB - 688d1cfc-69ca-473c-99d1-ec8418688f25 - 77093 - combined_and_cleaned_video_docs - STEP_START - Started execution of step "combined_and_cleaned_video_docs".
[32m2024-01-31 19:39:05 +0100[0m - dagster - [34mDEBUG[0m - __ASSET_JOB - 688d1cfc-69ca-473c-99d1-ec8418688f25 - combined_and_cleaned_video_docs - Loading file from: /Users/szymonzmyslony/projects/master-pipeline/pipeline/.dagster/storage/complete_video_content using PickledObjectFilesystemIOManager...
[32m2024-01-31 19:39:05 +0100[0m - dagster - [34mDEBUG[0m - __ASSET_JOB - 688d1cfc-69ca-473c-99d1-ec8418688f25 - 77093 - combined_and_cleaned_video_docs - ASSET_OBSERVATION - DagsterEventType.ASSET_OBSERVATION for step combined_and_cleaned_video_docs
[32m2024-01-31 19:39:05 +0100[0m - dagster - [34mDEBUG[0m - __ASSET_JOB - 688d1cfc-69ca-473c-99d1-ec8418688f25 - 77093 - combined_and_cleaned_video_docs - LOADED_INPUT - Loaded input "complete_video_content" using input manager "io_manager"
[32m2024-01-31 19:39:05 +0100[0m - dagster - [34mDEBUG[0m - __ASSET_JOB - 688d1cfc-69ca-473c-99d1-ec8418688f25 - 77093 - combined_and_cleaned_video_docs - STEP_INPUT - Got input "complete_video_content" of type "Any". (Type check passed).
[32m2024-01-31 19:39:05 +0100[0m - dagster - [34mINFO[0m - __ASSET_JOB - 688d1cfc-69ca-473c-99d1-ec8418688f25 - combined_and_cleaned_video_docs - https://www.ycombinator.com/library/GV-should-you-start-a-startup
[32m2024-01-31 19:39:05 +0100[0m - dagster - [34mINFO[0m - __ASSET_JOB - 688d1cfc-69ca-473c-99d1-ec8418688f25 - combined_and_cleaned_video_docs - YC Group Partner Harj Taggar shares his advice on the types of people best suited to be startup founders and how to
prepare to start a company in the future.

[32m2024-01-31 19:39:05 +0100[0m - dagster - [34mINFO[0m - __ASSET_JOB - 688d1cfc-69ca-473c-99d1-ec8418688f25 - combined_and_cleaned_video_docs - 0.5720914319473702
[32m2024-01-31 19:39:05 +0100[0m - dagster - [34mINFO[0m - __ASSET_JOB - 688d1cfc-69ca-473c-99d1-ec8418688f25 - combined_and_cleaned_video_docs - 1
[32m2024-01-31 19:39:05 +0100[0m - dagster - [34mERROR[0m - [31m__ASSET_JOB - 688d1cfc-69ca-473c-99d1-ec8418688f25 - 77093 - combined_and_cleaned_video_docs - STEP_FAILURE - Execution of step "combined_and_cleaned_video_docs" failed.

dagster._core.errors.DagsterExecutionStepExecutionError: Error occurred while executing op "combined_and_cleaned_video_docs"::

TypeError: not all arguments converted during string formatting

Stack Trace:
  File "/Users/szymonzmyslony/Library/Caches/pypoetry/virtualenvs/pipeline-RtkjAAJa-py3.11/lib/python3.11/site-packages/dagster/_core/execution/plan/utils.py", line 54, in op_execution_error_boundary
    yield
  File "/Users/szymonzmyslony/Library/Caches/pypoetry/virtualenvs/pipeline-RtkjAAJa-py3.11/lib/python3.11/site-packages/dagster/_utils/__init__.py", line 467, in iterate_with_context
    next_output = next(iterator)
                  ^^^^^^^^^^^^^^
  File "/Users/szymonzmyslony/Library/Caches/pypoetry/virtualenvs/pipeline-RtkjAAJa-py3.11/lib/python3.11/site-packages/dagster/_core/execution/plan/compute_generator.py", line 131, in _coerce_op_compute_fn_to_iterator
    result = invoke_compute_fn(
             ^^^^^^^^^^^^^^^^^^
  File "/Users/szymonzmyslony/Library/Caches/pypoetry/virtualenvs/pipeline-RtkjAAJa-py3.11/lib/python3.11/site-packages/dagster/_core/execution/plan/compute_generator.py", line 125, in invoke_compute_fn
    return fn(context, **args_to_pass) if context_arg_provided else fn(**args_to_pass)
           ^^^^^^^^^^^^^^^^^^^^^^^^^^^
  File "/Users/szymonzmyslony/projects/master-pipeline/pipeline/pipeline/assets.py", line 269, in combined_and_cleaned_video_docs
    cleaned_documents = [
                        ^
  File "/Users/szymonzmyslony/projects/master-pipeline/pipeline/pipeline/assets.py", line 274, in <listcomp>
    chunk_document(video)
  File "/Users/szymonzmyslony/projects/master-pipeline/pipeline/pipeline/assets.py", line 257, in chunk_document
    chunks, _ = chunker.chunk_document()
                ^^^^^^^^^^^^^^^^^^^^^^^^
  File "/Users/szymonzmyslony/projects/master-pipeline/pipeline/chunker/DocumentChunker.py", line 106, in chunk_document
    self.calculate_distances_and_chunk()
  File "/Users/szymonzmyslony/projects/master-pipeline/pipeline/chunker/DocumentChunker.py", line 79, in calculate_distances_and_chunk
    breakpoint_percentile_threshold = self.get_dynamic_breakpoint_percentile()
                                      ^^^^^^^^^^^^^^^^^^^^^^^^^^^^^^^^^^^^^^^^
  File "/Users/szymonzmyslony/projects/master-pipeline/pipeline/chunker/DocumentChunker.py", line 56, in get_dynamic_breakpoint_percentile
    self.logger("Paragraps are", len(self.paragraphs))
  File "/nix/store/03q8gn91mj95y5bqbcl90hyvmpqpz738-python3-3.11.7/lib/python3.11/logging/__init__.py", line 1489, in info
    self._log(INFO, msg, args, **kwargs)
  File "/nix/store/03q8gn91mj95y5bqbcl90hyvmpqpz738-python3-3.11.7/lib/python3.11/logging/__init__.py", line 1634, in _log
    self.handle(record)
  File "/nix/store/03q8gn91mj95y5bqbcl90hyvmpqpz738-python3-3.11.7/lib/python3.11/logging/__init__.py", line 1644, in handle
    self.callHandlers(record)
  File "/nix/store/03q8gn91mj95y5bqbcl90hyvmpqpz738-python3-3.11.7/lib/python3.11/logging/__init__.py", line 1706, in callHandlers
    hdlr.handle(record)
  File "/nix/store/03q8gn91mj95y5bqbcl90hyvmpqpz738-python3-3.11.7/lib/python3.11/logging/__init__.py", line 978, in handle
    self.emit(record)
  File "/Users/szymonzmyslony/Library/Caches/pypoetry/virtualenvs/pipeline-RtkjAAJa-py3.11/lib/python3.11/site-packages/dagster/_core/log_manager.py", line 295, in emit
    dagster_record = self._convert_record(record)
                     ^^^^^^^^^^^^^^^^^^^^^^^^^^^^
  File "/Users/szymonzmyslony/Library/Caches/pypoetry/virtualenvs/pipeline-RtkjAAJa-py3.11/lib/python3.11/site-packages/dagster/_core/log_manager.py", line 255, in _convert_record
    orig_message=record.getMessage(), dagster_event=dagster_meta
                 ^^^^^^^^^^^^^^^^^^^
  File "/nix/store/03q8gn91mj95y5bqbcl90hyvmpqpz738-python3-3.11.7/lib/python3.11/logging/__init__.py", line 377, in getMessage
    msg = msg % self.args
          ~~~~^~~~~~~~~~~
[0m
