[32m2024-02-05 22:24:20 +0100[0m - dagster - [34mDEBUG[0m - __ASSET_JOB - b1ed345e-8ad0-4b9c-affb-6c01610a3fd5 - 5553 - LOGS_CAPTURED - Started capturing logs in process (pid: 5553).
[32m2024-02-05 22:24:20 +0100[0m - dagster - [34mDEBUG[0m - __ASSET_JOB - b1ed345e-8ad0-4b9c-affb-6c01610a3fd5 - 5553 - docs_for_embeddings - STEP_START - Started execution of step "docs_for_embeddings".
[32m2024-02-05 22:24:20 +0100[0m - dagster - [34mDEBUG[0m - __ASSET_JOB - b1ed345e-8ad0-4b9c-affb-6c01610a3fd5 - docs_for_embeddings - Loading file from: /Users/szymonzmyslony/projects/master-pipeline/pipeline/.dagster/storage/chunked_blog_docs using PickledObjectFilesystemIOManager...
[32m2024-02-05 22:24:20 +0100[0m - dagster - [34mDEBUG[0m - __ASSET_JOB - b1ed345e-8ad0-4b9c-affb-6c01610a3fd5 - 5553 - docs_for_embeddings - ASSET_OBSERVATION - DagsterEventType.ASSET_OBSERVATION for step docs_for_embeddings
[32m2024-02-05 22:24:20 +0100[0m - dagster - [34mDEBUG[0m - __ASSET_JOB - b1ed345e-8ad0-4b9c-affb-6c01610a3fd5 - 5553 - docs_for_embeddings - LOADED_INPUT - Loaded input "chunked_blog_docs" using input manager "io_manager"
[32m2024-02-05 22:24:20 +0100[0m - dagster - [34mDEBUG[0m - __ASSET_JOB - b1ed345e-8ad0-4b9c-affb-6c01610a3fd5 - docs_for_embeddings - Loading file from: /Users/szymonzmyslony/projects/master-pipeline/pipeline/.dagster/storage/combined_and_cleaned_video_docs using PickledObjectFilesystemIOManager...
[32m2024-02-05 22:24:20 +0100[0m - dagster - [34mDEBUG[0m - __ASSET_JOB - b1ed345e-8ad0-4b9c-affb-6c01610a3fd5 - 5553 - docs_for_embeddings - ASSET_OBSERVATION - DagsterEventType.ASSET_OBSERVATION for step docs_for_embeddings
[32m2024-02-05 22:24:20 +0100[0m - dagster - [34mDEBUG[0m - __ASSET_JOB - b1ed345e-8ad0-4b9c-affb-6c01610a3fd5 - 5553 - docs_for_embeddings - LOADED_INPUT - Loaded input "combined_and_cleaned_video_docs" using input manager "io_manager"
[32m2024-02-05 22:24:20 +0100[0m - dagster - [34mDEBUG[0m - __ASSET_JOB - b1ed345e-8ad0-4b9c-affb-6c01610a3fd5 - 5553 - docs_for_embeddings - STEP_INPUT - Got input "chunked_blog_docs" of type "Any". (Type check passed).
[32m2024-02-05 22:24:20 +0100[0m - dagster - [34mDEBUG[0m - __ASSET_JOB - b1ed345e-8ad0-4b9c-affb-6c01610a3fd5 - 5553 - docs_for_embeddings - STEP_INPUT - Got input "combined_and_cleaned_video_docs" of type "Any". (Type check passed).
[32m2024-02-05 22:24:20 +0100[0m - dagster - [34mERROR[0m - [31m__ASSET_JOB - b1ed345e-8ad0-4b9c-affb-6c01610a3fd5 - 5553 - docs_for_embeddings - STEP_FAILURE - Execution of step "docs_for_embeddings" failed.

dagster._core.errors.DagsterExecutionStepExecutionError: Error occurred while executing op "docs_for_embeddings"::

TypeError: object of type 'NoneType' has no len()

Stack Trace:
  File "/Users/szymonzmyslony/Library/Caches/pypoetry/virtualenvs/pipeline-RtkjAAJa-py3.11/lib/python3.11/site-packages/dagster/_core/execution/plan/utils.py", line 54, in op_execution_error_boundary
    yield
  File "/Users/szymonzmyslony/Library/Caches/pypoetry/virtualenvs/pipeline-RtkjAAJa-py3.11/lib/python3.11/site-packages/dagster/_utils/__init__.py", line 467, in iterate_with_context
    next_output = next(iterator)
                  ^^^^^^^^^^^^^^
  File "/Users/szymonzmyslony/Library/Caches/pypoetry/virtualenvs/pipeline-RtkjAAJa-py3.11/lib/python3.11/site-packages/dagster/_core/execution/plan/compute_generator.py", line 131, in _coerce_op_compute_fn_to_iterator
    result = invoke_compute_fn(
             ^^^^^^^^^^^^^^^^^^
  File "/Users/szymonzmyslony/Library/Caches/pypoetry/virtualenvs/pipeline-RtkjAAJa-py3.11/lib/python3.11/site-packages/dagster/_core/execution/plan/compute_generator.py", line 125, in invoke_compute_fn
    return fn(context, **args_to_pass) if context_arg_provided else fn(**args_to_pass)
           ^^^^^^^^^^^^^^^^^^^^^^^^^^^
  File "/Users/szymonzmyslony/projects/master-pipeline/pipeline/pipeline/assets.py", line 354, in docs_for_embeddings
    text_chunk_lengths = [
                         ^
  File "/Users/szymonzmyslony/projects/master-pipeline/pipeline/pipeline/assets.py", line 355, in <listcomp>
    len(chunk) for doc in chunked_blog_docs for chunk in doc["content"][0]
    ^^^^^^^^^^
[0m
